{"/Users/sukesh/Desktop/Electrol Assistent/server/config.js": {"path":"/Users/sukesh/Desktop/Electrol Assistent/server/config.js","statementMap":{"0":{"start":{"line":1,"column":0},"end":{"line":1,"column":27}},"1":{"start":{"line":3,"column":15},"end":{"line":34,"column":1}},"2":{"start":{"line":36,"column":0},"end":{"line":36,"column":24}}},"fnMap":{},"branchMap":{"0":{"loc":{"start":{"line":4,"column":8},"end":{"line":4,"column":32}},"type":"binary-expr","locations":[{"start":{"line":4,"column":8},"end":{"line":4,"column":24}},{"start":{"line":4,"column":28},"end":{"line":4,"column":32}}],"line":4},"1":{"loc":{"start":{"line":5,"column":7},"end":{"line":5,"column":44}},"type":"binary-expr","locations":[{"start":{"line":5,"column":7},"end":{"line":5,"column":27}},{"start":{"line":5,"column":31},"end":{"line":5,"column":44}}],"line":5},"2":{"loc":{"start":{"line":8,"column":15},"end":{"line":8,"column":69}},"type":"binary-expr","locations":[{"start":{"line":8,"column":15},"end":{"line":8,"column":41}},{"start":{"line":8,"column":45},"end":{"line":8,"column":69}}],"line":8},"3":{"loc":{"start":{"line":9,"column":12},"end":{"line":9,"column":51}},"type":"binary-expr","locations":[{"start":{"line":9,"column":12},"end":{"line":9,"column":34}},{"start":{"line":9,"column":38},"end":{"line":9,"column":51}}],"line":9},"4":{"loc":{"start":{"line":13,"column":16},"end":{"line":13,"column":53}},"type":"binary-expr","locations":[{"start":{"line":13,"column":16},"end":{"line":13,"column":47}},{"start":{"line":13,"column":51},"end":{"line":13,"column":53}}],"line":13},"5":{"loc":{"start":{"line":14,"column":21},"end":{"line":14,"column":63}},"type":"binary-expr","locations":[{"start":{"line":14,"column":21},"end":{"line":14,"column":57}},{"start":{"line":14,"column":61},"end":{"line":14,"column":63}}],"line":14},"6":{"loc":{"start":{"line":15,"column":18},"end":{"line":15,"column":57}},"type":"binary-expr","locations":[{"start":{"line":15,"column":18},"end":{"line":15,"column":51}},{"start":{"line":15,"column":55},"end":{"line":15,"column":57}}],"line":15},"7":{"loc":{"start":{"line":16,"column":22},"end":{"line":16,"column":65}},"type":"binary-expr","locations":[{"start":{"line":16,"column":22},"end":{"line":16,"column":59}},{"start":{"line":16,"column":63},"end":{"line":16,"column":65}}],"line":16},"8":{"loc":{"start":{"line":17,"column":19},"end":{"line":17,"column":59}},"type":"binary-expr","locations":[{"start":{"line":17,"column":19},"end":{"line":17,"column":53}},{"start":{"line":17,"column":57},"end":{"line":17,"column":59}}],"line":17},"9":{"loc":{"start":{"line":18,"column":23},"end":{"line":18,"column":67}},"type":"binary-expr","locations":[{"start":{"line":18,"column":23},"end":{"line":18,"column":61}},{"start":{"line":18,"column":65},"end":{"line":18,"column":67}}],"line":18},"10":{"loc":{"start":{"line":22,"column":15},"end":{"line":22,"column":74}},"type":"binary-expr","locations":[{"start":{"line":22,"column":15},"end":{"line":22,"column":46}},{"start":{"line":22,"column":50},"end":{"line":22,"column":74}}],"line":22},"11":{"loc":{"start":{"line":23,"column":12},"end":{"line":23,"column":46}},"type":"binary-expr","locations":[{"start":{"line":23,"column":12},"end":{"line":23,"column":40}},{"start":{"line":23,"column":44},"end":{"line":23,"column":46}}],"line":23}},"s":{"0":5,"1":5,"2":5},"f":{},"b":{"0":[5,0],"1":[5,0],"2":[5,0],"3":[5,0],"4":[5,5],"5":[5,5],"6":[5,5],"7":[5,5],"8":[5,5],"9":[5,5],"10":[5,0],"11":[5,5]},"_coverageSchema":"1a1c01bbd47fc00a2c39e90264f33305004495a9","hash":"e89cf0e6723a8d57d2924e2b313aed09e4c185b9"}
,"/Users/sukesh/Desktop/Electrol Assistent/server/agents/applicationAgent.js": {"path":"/Users/sukesh/Desktop/Electrol Assistent/server/agents/applicationAgent.js","statementMap":{"0":{"start":{"line":6,"column":15},"end":{"line":6,"column":35}},"1":{"start":{"line":9,"column":25},"end":{"line":38,"column":1}},"2":{"start":{"line":46,"column":19},"end":{"line":46,"column":40}},"3":{"start":{"line":48,"column":2},"end":{"line":50,"column":3}},"4":{"start":{"line":49,"column":4},"end":{"line":49,"column":20}},"5":{"start":{"line":51,"column":2},"end":{"line":53,"column":3}},"6":{"start":{"line":52,"column":4},"end":{"line":52,"column":20}},"7":{"start":{"line":54,"column":2},"end":{"line":58,"column":3}},"8":{"start":{"line":57,"column":4},"end":{"line":57,"column":20}},"9":{"start":{"line":59,"column":2},"end":{"line":61,"column":3}},"10":{"start":{"line":60,"column":4},"end":{"line":60,"column":21}},"11":{"start":{"line":63,"column":2},"end":{"line":63,"column":14}},"12":{"start":{"line":74,"column":22},"end":{"line":74,"column":106}},"13":{"start":{"line":75,"column":17},"end":{"line":75,"column":49}},"14":{"start":{"line":76,"column":17},"end":{"line":76,"column":60}},"15":{"start":{"line":78,"column":17},"end":{"line":78,"column":38}},"16":{"start":{"line":79,"column":21},"end":{"line":79,"column":23}},"17":{"start":{"line":80,"column":2},"end":{"line":86,"column":36}},"18":{"start":{"line":80,"column":32},"end":{"line":80,"column":63}},"19":{"start":{"line":81,"column":7},"end":{"line":86,"column":36}},"20":{"start":{"line":81,"column":31},"end":{"line":81,"column":65}},"21":{"start":{"line":82,"column":7},"end":{"line":86,"column":36}},"22":{"start":{"line":83,"column":4},"end":{"line":83,"column":53}},"23":{"start":{"line":84,"column":4},"end":{"line":84,"column":50}},"24":{"start":{"line":86,"column":7},"end":{"line":86,"column":36}},"25":{"start":{"line":88,"column":2},"end":{"line":93,"column":4}},"26":{"start":{"line":100,"column":22},"end":{"line":107,"column":3}},"27":{"start":{"line":109,"column":17},"end":{"line":109,"column":65}},"28":{"start":{"line":110,"column":2},"end":{"line":110,"column":92}},"29":{"start":{"line":111,"column":2},"end":{"line":111,"column":16}},"30":{"start":{"line":118,"column":18},"end":{"line":123,"column":3}},"31":{"start":{"line":124,"column":17},"end":{"line":124,"column":47}},"32":{"start":{"line":125,"column":15},"end":{"line":125,"column":53}},"33":{"start":{"line":126,"column":23},"end":{"line":126,"column":69}},"34":{"start":{"line":127,"column":2},"end":{"line":127,"column":81}},"35":{"start":{"line":137,"column":18},"end":{"line":137,"column":35}},"36":{"start":{"line":138,"column":17},"end":{"line":138,"column":48}},"37":{"start":{"line":141,"column":19},"end":{"line":141,"column":38}},"38":{"start":{"line":142,"column":20},"end":{"line":142,"column":48}},"39":{"start":{"line":144,"column":21},"end":{"line":144,"column":23}},"40":{"start":{"line":145,"column":17},"end":{"line":145,"column":23}},"41":{"start":{"line":146,"column":16},"end":{"line":146,"column":21}},"42":{"start":{"line":149,"column":2},"end":{"line":162,"column":4}},"43":{"start":{"line":165,"column":0},"end":{"line":165,"column":62}}},"fnMap":{"0":{"name":"decideForm","decl":{"start":{"line":45,"column":9},"end":{"line":45,"column":19}},"loc":{"start":{"line":45,"column":29},"end":{"line":64,"column":1}},"line":45},"1":{"name":"getApplicationStatus","decl":{"start":{"line":73,"column":9},"end":{"line":73,"column":29}},"loc":{"start":{"line":73,"column":63},"end":{"line":94,"column":1}},"line":73},"2":{"name":"simulateDocumentValidation","decl":{"start":{"line":99,"column":9},"end":{"line":99,"column":35}},"loc":{"start":{"line":99,"column":50},"end":{"line":112,"column":1}},"line":99},"3":{"name":"generateFormLink","decl":{"start":{"line":117,"column":9},"end":{"line":117,"column":25}},"loc":{"start":{"line":117,"column":45},"end":{"line":128,"column":1}},"line":117},"4":{"name":"handle","decl":{"start":{"line":136,"column":15},"end":{"line":136,"column":21}},"loc":{"start":{"line":136,"column":44},"end":{"line":163,"column":1}},"line":136}},"branchMap":{"0":{"loc":{"start":{"line":48,"column":2},"end":{"line":50,"column":3}},"type":"if","locations":[{"start":{"line":48,"column":2},"end":{"line":50,"column":3}},{"start":{},"end":{}}],"line":48},"1":{"loc":{"start":{"line":48,"column":6},"end":{"line":48,"column":146}},"type":"binary-expr","locations":[{"start":{"line":48,"column":6},"end":{"line":48,"column":41}},{"start":{"line":48,"column":45},"end":{"line":48,"column":82}},{"start":{"line":48,"column":86},"end":{"line":48,"column":115}},{"start":{"line":48,"column":119},"end":{"line":48,"column":146}}],"line":48},"2":{"loc":{"start":{"line":51,"column":2},"end":{"line":53,"column":3}},"type":"if","locations":[{"start":{"line":51,"column":2},"end":{"line":53,"column":3}},{"start":{},"end":{}}],"line":51},"3":{"loc":{"start":{"line":51,"column":6},"end":{"line":51,"column":162}},"type":"binary-expr","locations":[{"start":{"line":51,"column":6},"end":{"line":51,"column":33}},{"start":{"line":51,"column":37},"end":{"line":51,"column":66}},{"start":{"line":51,"column":70},"end":{"line":51,"column":97}},{"start":{"line":51,"column":101},"end":{"line":51,"column":131}},{"start":{"line":51,"column":135},"end":{"line":51,"column":162}}],"line":51},"4":{"loc":{"start":{"line":54,"column":2},"end":{"line":58,"column":3}},"type":"if","locations":[{"start":{"line":54,"column":2},"end":{"line":58,"column":3}},{"start":{},"end":{}}],"line":54},"5":{"loc":{"start":{"line":54,"column":6},"end":{"line":56,"column":63}},"type":"binary-expr","locations":[{"start":{"line":54,"column":6},"end":{"line":54,"column":34}},{"start":{"line":54,"column":38},"end":{"line":54,"column":65}},{"start":{"line":54,"column":69},"end":{"line":54,"column":94}},{"start":{"line":55,"column":6},"end":{"line":55,"column":30}},{"start":{"line":55,"column":34},"end":{"line":55,"column":60}},{"start":{"line":55,"column":64},"end":{"line":55,"column":91}},{"start":{"line":56,"column":7},"end":{"line":56,"column":34}},{"start":{"line":56,"column":38},"end":{"line":56,"column":62}}],"line":54},"6":{"loc":{"start":{"line":59,"column":2},"end":{"line":61,"column":3}},"type":"if","locations":[{"start":{"line":59,"column":2},"end":{"line":61,"column":3}},{"start":{},"end":{}}],"line":59},"7":{"loc":{"start":{"line":59,"column":6},"end":{"line":59,"column":141}},"type":"binary-expr","locations":[{"start":{"line":59,"column":6},"end":{"line":59,"column":32}},{"start":{"line":59,"column":36},"end":{"line":59,"column":70}},{"start":{"line":59,"column":74},"end":{"line":59,"column":102}},{"start":{"line":59,"column":106},"end":{"line":59,"column":141}}],"line":59},"8":{"loc":{"start":{"line":74,"column":22},"end":{"line":74,"column":106}},"type":"binary-expr","locations":[{"start":{"line":74,"column":22},"end":{"line":74,"column":46}},{"start":{"line":74,"column":50},"end":{"line":74,"column":106}}],"line":74},"9":{"loc":{"start":{"line":74,"column":60},"end":{"line":74,"column":87}},"type":"binary-expr","locations":[{"start":{"line":74,"column":60},"end":{"line":74,"column":70}},{"start":{"line":74,"column":74},"end":{"line":74,"column":87}}],"line":74},"10":{"loc":{"start":{"line":75,"column":17},"end":{"line":75,"column":49}},"type":"binary-expr","locations":[{"start":{"line":75,"column":17},"end":{"line":75,"column":27}},{"start":{"line":75,"column":31},"end":{"line":75,"column":49}}],"line":75},"11":{"loc":{"start":{"line":76,"column":17},"end":{"line":76,"column":60}},"type":"binary-expr","locations":[{"start":{"line":76,"column":17},"end":{"line":76,"column":28}},{"start":{"line":76,"column":32},"end":{"line":76,"column":60}}],"line":76},"12":{"loc":{"start":{"line":80,"column":2},"end":{"line":86,"column":36}},"type":"if","locations":[{"start":{"line":80,"column":2},"end":{"line":86,"column":36}},{"start":{"line":81,"column":7},"end":{"line":86,"column":36}}],"line":80},"13":{"loc":{"start":{"line":81,"column":7},"end":{"line":86,"column":36}},"type":"if","locations":[{"start":{"line":81,"column":7},"end":{"line":86,"column":36}},{"start":{"line":82,"column":7},"end":{"line":86,"column":36}}],"line":81},"14":{"loc":{"start":{"line":82,"column":7},"end":{"line":86,"column":36}},"type":"if","locations":[{"start":{"line":82,"column":7},"end":{"line":86,"column":36}},{"start":{"line":86,"column":7},"end":{"line":86,"column":36}}],"line":82},"15":{"loc":{"start":{"line":109,"column":17},"end":{"line":109,"column":65}},"type":"binary-expr","locations":[{"start":{"line":109,"column":17},"end":{"line":109,"column":42}},{"start":{"line":109,"column":46},"end":{"line":109,"column":65}}],"line":109},"16":{"loc":{"start":{"line":110,"column":19},"end":{"line":110,"column":91}},"type":"cond-expr","locations":[{"start":{"line":110,"column":50},"end":{"line":110,"column":70}},{"start":{"line":110,"column":73},"end":{"line":110,"column":91}}],"line":110},"17":{"loc":{"start":{"line":124,"column":17},"end":{"line":124,"column":47}},"type":"binary-expr","locations":[{"start":{"line":124,"column":17},"end":{"line":124,"column":34}},{"start":{"line":124,"column":38},"end":{"line":124,"column":47}}],"line":124},"18":{"loc":{"start":{"line":125,"column":34},"end":{"line":125,"column":52}},"type":"binary-expr","locations":[{"start":{"line":125,"column":34},"end":{"line":125,"column":46}},{"start":{"line":125,"column":50},"end":{"line":125,"column":52}}],"line":125},"19":{"loc":{"start":{"line":126,"column":42},"end":{"line":126,"column":68}},"type":"binary-expr","locations":[{"start":{"line":126,"column":42},"end":{"line":126,"column":62}},{"start":{"line":126,"column":66},"end":{"line":126,"column":68}}],"line":126},"20":{"loc":{"start":{"line":137,"column":18},"end":{"line":137,"column":35}},"type":"binary-expr","locations":[{"start":{"line":137,"column":18},"end":{"line":137,"column":29}},{"start":{"line":137,"column":33},"end":{"line":137,"column":35}}],"line":137},"21":{"loc":{"start":{"line":138,"column":17},"end":{"line":138,"column":48}},"type":"binary-expr","locations":[{"start":{"line":138,"column":17},"end":{"line":138,"column":32}},{"start":{"line":138,"column":36},"end":{"line":138,"column":48}}],"line":138},"22":{"loc":{"start":{"line":151,"column":15},"end":{"line":151,"column":46}},"type":"binary-expr","locations":[{"start":{"line":151,"column":15},"end":{"line":151,"column":34}},{"start":{"line":151,"column":38},"end":{"line":151,"column":46}}],"line":151},"23":{"loc":{"start":{"line":155,"column":25},"end":{"line":155,"column":78}},"type":"cond-expr","locations":[{"start":{"line":155,"column":36},"end":{"line":155,"column":71}},{"start":{"line":155,"column":74},"end":{"line":155,"column":78}}],"line":155},"24":{"loc":{"start":{"line":158,"column":19},"end":{"line":158,"column":63}},"type":"binary-expr","locations":[{"start":{"line":158,"column":19},"end":{"line":158,"column":31}},{"start":{"line":158,"column":35},"end":{"line":158,"column":63}}],"line":158}},"s":{"0":3,"1":3,"2":8,"3":8,"4":2,"5":6,"6":2,"7":4,"8":3,"9":1,"10":1,"11":0,"12":8,"13":8,"14":8,"15":8,"16":8,"17":8,"18":1,"19":7,"20":1,"21":6,"22":2,"23":2,"24":4,"25":8,"26":1,"27":1,"28":1,"29":1,"30":1,"31":1,"32":1,"33":1,"34":1,"35":1,"36":1,"37":1,"38":1,"39":1,"40":1,"41":1,"42":1,"43":3},"f":{"0":8,"1":8,"2":1,"3":1,"4":1},"b":{"0":[2,6],"1":[8,7,7,6],"2":[2,4],"3":[6,5,4,4,4],"4":[3,1],"5":[4,3,3,2,2,2,2,1],"6":[1,0],"7":[1,0,0,0],"8":[8,7],"9":[7,0],"10":[8,1],"11":[8,7],"12":[1,7],"13":[1,6],"14":[2,4],"15":[1,0],"16":[0,1],"17":[1,0],"18":[1,0],"19":[1,0],"20":[1,0],"21":[1,0],"22":[1,1],"23":[1,0],"24":[1,1]},"_coverageSchema":"1a1c01bbd47fc00a2c39e90264f33305004495a9","hash":"449ee7b5092425b70dd3ce6f3d01425e9475c94f"}
,"/Users/sukesh/Desktop/Electrol Assistent/server/agents/boothAgent.js": {"path":"/Users/sukesh/Desktop/Electrol Assistent/server/agents/boothAgent.js","statementMap":{"0":{"start":{"line":7,"column":15},"end":{"line":7,"column":35}},"1":{"start":{"line":8,"column":18},"end":{"line":8,"column":51}},"2":{"start":{"line":14,"column":12},"end":{"line":14,"column":16}},"3":{"start":{"line":15,"column":15},"end":{"line":15,"column":44}},"4":{"start":{"line":16,"column":15},"end":{"line":16,"column":44}},"5":{"start":{"line":17,"column":12},"end":{"line":19,"column":27}},"6":{"start":{"line":20,"column":2},"end":{"line":20,"column":60}},"7":{"start":{"line":27,"column":2},"end":{"line":38,"column":3}},"8":{"start":{"line":28,"column":4},"end":{"line":37,"column":6}},"9":{"start":{"line":40,"column":14},"end":{"line":40,"column":57}},"10":{"start":{"line":40,"column":34},"end":{"line":40,"column":56}},"11":{"start":{"line":41,"column":2},"end":{"line":43,"column":3}},"12":{"start":{"line":42,"column":4},"end":{"line":42,"column":93}},"13":{"start":{"line":42,"column":32},"end":{"line":42,"column":91}},"14":{"start":{"line":44,"column":2},"end":{"line":44,"column":35}},"15":{"start":{"line":44,"column":14},"end":{"line":44,"column":35}},"16":{"start":{"line":45,"column":2},"end":{"line":45,"column":15}},"17":{"start":{"line":55,"column":16},"end":{"line":55,"column":33}},"18":{"start":{"line":56,"column":12},"end":{"line":56,"column":19}},"19":{"start":{"line":57,"column":15},"end":{"line":57,"column":24}},"20":{"start":{"line":59,"column":2},"end":{"line":67,"column":3}},"21":{"start":{"line":60,"column":4},"end":{"line":60,"column":32}},"22":{"start":{"line":61,"column":4},"end":{"line":65,"column":6}},"23":{"start":{"line":66,"column":4},"end":{"line":66,"column":42}},"24":{"start":{"line":69,"column":16},"end":{"line":69,"column":65}},"25":{"start":{"line":71,"column":2},"end":{"line":79,"column":3}},"26":{"start":{"line":72,"column":4},"end":{"line":78,"column":6}},"27":{"start":{"line":82,"column":18},"end":{"line":82,"column":40}},"28":{"start":{"line":83,"column":18},"end":{"line":83,"column":40}},"29":{"start":{"line":84,"column":15},"end":{"line":84,"column":64}},"30":{"start":{"line":85,"column":18},"end":{"line":85,"column":39}},"31":{"start":{"line":86,"column":19},"end":{"line":86,"column":52}},"32":{"start":{"line":88,"column":20},"end":{"line":88,"column":59}},"33":{"start":{"line":89,"column":20},"end":{"line":89,"column":78}},"34":{"start":{"line":90,"column":25},"end":{"line":90,"column":104}},"35":{"start":{"line":91,"column":23},"end":{"line":91,"column":96}},"36":{"start":{"line":94,"column":21},"end":{"line":94,"column":23}},"37":{"start":{"line":95,"column":17},"end":{"line":95,"column":23}},"38":{"start":{"line":96,"column":18},"end":{"line":96,"column":23}},"39":{"start":{"line":97,"column":16},"end":{"line":97,"column":45}},"40":{"start":{"line":99,"column":2},"end":{"line":122,"column":3}},"41":{"start":{"line":101,"column":6},"end":{"line":101,"column":57}},"42":{"start":{"line":102,"column":6},"end":{"line":102,"column":12}},"43":{"start":{"line":105,"column":6},"end":{"line":105,"column":84}},"44":{"start":{"line":106,"column":6},"end":{"line":106,"column":28}},"45":{"start":{"line":107,"column":6},"end":{"line":107,"column":12}},"46":{"start":{"line":110,"column":6},"end":{"line":110,"column":64}},"47":{"start":{"line":111,"column":6},"end":{"line":114,"column":7}},"48":{"start":{"line":112,"column":8},"end":{"line":112,"column":25}},"49":{"start":{"line":113,"column":8},"end":{"line":113,"column":25}},"50":{"start":{"line":115,"column":6},"end":{"line":115,"column":12}},"51":{"start":{"line":119,"column":6},"end":{"line":119,"column":94}},"52":{"start":{"line":120,"column":6},"end":{"line":120,"column":28}},"53":{"start":{"line":121,"column":6},"end":{"line":121,"column":12}},"54":{"start":{"line":124,"column":2},"end":{"line":145,"column":4}},"55":{"start":{"line":151,"column":12},"end":{"line":151,"column":38}},"56":{"start":{"line":152,"column":15},"end":{"line":152,"column":49}},"57":{"start":{"line":153,"column":2},"end":{"line":153,"column":162}},"58":{"start":{"line":157,"column":15},"end":{"line":157,"column":49}},"59":{"start":{"line":158,"column":2},"end":{"line":158,"column":233}},"60":{"start":{"line":162,"column":15},"end":{"line":162,"column":49}},"61":{"start":{"line":163,"column":12},"end":{"line":163,"column":31}},"62":{"start":{"line":165,"column":2},"end":{"line":170,"column":3}},"63":{"start":{"line":166,"column":15},"end":{"line":166,"column":116}},"64":{"start":{"line":167,"column":4},"end":{"line":167,"column":73}},"65":{"start":{"line":167,"column":26},"end":{"line":167,"column":73}},"66":{"start":{"line":168,"column":4},"end":{"line":168,"column":42}},"67":{"start":{"line":168,"column":17},"end":{"line":168,"column":42}},"68":{"start":{"line":169,"column":4},"end":{"line":169,"column":16}},"69":{"start":{"line":173,"column":13},"end":{"line":173,"column":106}},"70":{"start":{"line":174,"column":2},"end":{"line":174,"column":70}},"71":{"start":{"line":174,"column":26},"end":{"line":174,"column":70}},"72":{"start":{"line":175,"column":2},"end":{"line":175,"column":78}},"73":{"start":{"line":175,"column":27},"end":{"line":175,"column":78}},"74":{"start":{"line":176,"column":2},"end":{"line":176,"column":160}},"75":{"start":{"line":177,"column":2},"end":{"line":177,"column":14}},"76":{"start":{"line":181,"column":15},"end":{"line":181,"column":49}},"77":{"start":{"line":182,"column":12},"end":{"line":182,"column":38}},"78":{"start":{"line":184,"column":13},"end":{"line":184,"column":56}},"79":{"start":{"line":185,"column":2},"end":{"line":185,"column":61}},"80":{"start":{"line":186,"column":2},"end":{"line":186,"column":99}},"81":{"start":{"line":187,"column":2},"end":{"line":187,"column":94}},"82":{"start":{"line":188,"column":2},"end":{"line":188,"column":61}},"83":{"start":{"line":190,"column":2},"end":{"line":192,"column":3}},"84":{"start":{"line":191,"column":4},"end":{"line":191,"column":105}},"85":{"start":{"line":194,"column":2},"end":{"line":194,"column":14}},"86":{"start":{"line":197,"column":0},"end":{"line":201,"column":2}}},"fnMap":{"0":{"name":"haversine","decl":{"start":{"line":13,"column":9},"end":{"line":13,"column":18}},"loc":{"start":{"line":13,"column":43},"end":{"line":21,"column":1}},"line":13},"1":{"name":"findBooth","decl":{"start":{"line":26,"column":9},"end":{"line":26,"column":18}},"loc":{"start":{"line":26,"column":42},"end":{"line":46,"column":1}},"line":26},"2":{"name":"(anonymous_2)","decl":{"start":{"line":40,"column":29},"end":{"line":40,"column":30}},"loc":{"start":{"line":40,"column":34},"end":{"line":40,"column":56}},"line":40},"3":{"name":"(anonymous_3)","decl":{"start":{"line":42,"column":27},"end":{"line":42,"column":28}},"loc":{"start":{"line":42,"column":32},"end":{"line":42,"column":91}},"line":42},"4":{"name":"handle","decl":{"start":{"line":54,"column":15},"end":{"line":54,"column":21}},"loc":{"start":{"line":54,"column":64},"end":{"line":146,"column":1}},"line":54},"5":{"name":"buildTimingResponse","decl":{"start":{"line":150,"column":9},"end":{"line":150,"column":28}},"loc":{"start":{"line":150,"column":45},"end":{"line":154,"column":1}},"line":150},"6":{"name":"buildLocationResponse","decl":{"start":{"line":156,"column":9},"end":{"line":156,"column":30}},"loc":{"start":{"line":156,"column":72},"end":{"line":159,"column":1}},"line":156},"7":{"name":"buildAccessibilityResponse","decl":{"start":{"line":161,"column":9},"end":{"line":161,"column":35}},"loc":{"start":{"line":161,"column":52},"end":{"line":178,"column":1}},"line":161},"8":{"name":"buildFullResponse","decl":{"start":{"line":180,"column":9},"end":{"line":180,"column":26}},"loc":{"start":{"line":180,"column":82},"end":{"line":195,"column":1}},"line":180}},"branchMap":{"0":{"loc":{"start":{"line":27,"column":2},"end":{"line":38,"column":3}},"type":"if","locations":[{"start":{"line":27,"column":2},"end":{"line":38,"column":3}},{"start":{},"end":{}}],"line":27},"1":{"loc":{"start":{"line":41,"column":2},"end":{"line":43,"column":3}},"type":"if","locations":[{"start":{"line":41,"column":2},"end":{"line":43,"column":3}},{"start":{},"end":{}}],"line":41},"2":{"loc":{"start":{"line":41,"column":6},"end":{"line":41,"column":28}},"type":"binary-expr","locations":[{"start":{"line":41,"column":6},"end":{"line":41,"column":12}},{"start":{"line":41,"column":16},"end":{"line":41,"column":28}}],"line":41},"3":{"loc":{"start":{"line":44,"column":2},"end":{"line":44,"column":35}},"type":"if","locations":[{"start":{"line":44,"column":2},"end":{"line":44,"column":35}},{"start":{},"end":{}}],"line":44},"4":{"loc":{"start":{"line":54,"column":44},"end":{"line":54,"column":62}},"type":"default-arg","locations":[{"start":{"line":54,"column":56},"end":{"line":54,"column":62}}],"line":54},"5":{"loc":{"start":{"line":55,"column":16},"end":{"line":55,"column":33}},"type":"binary-expr","locations":[{"start":{"line":55,"column":16},"end":{"line":55,"column":27}},{"start":{"line":55,"column":31},"end":{"line":55,"column":33}}],"line":55},"6":{"loc":{"start":{"line":59,"column":2},"end":{"line":67,"column":3}},"type":"if","locations":[{"start":{"line":59,"column":2},"end":{"line":67,"column":3}},{"start":{},"end":{}}],"line":59},"7":{"loc":{"start":{"line":59,"column":6},"end":{"line":59,"column":44}},"type":"binary-expr","locations":[{"start":{"line":59,"column":6},"end":{"line":59,"column":13}},{"start":{"line":59,"column":17},"end":{"line":59,"column":44}}],"line":59},"8":{"loc":{"start":{"line":60,"column":10},"end":{"line":60,"column":31}},"type":"binary-expr","locations":[{"start":{"line":60,"column":10},"end":{"line":60,"column":25}},{"start":{"line":60,"column":29},"end":{"line":60,"column":31}}],"line":60},"9":{"loc":{"start":{"line":66,"column":13},"end":{"line":66,"column":41}},"type":"binary-expr","locations":[{"start":{"line":66,"column":13},"end":{"line":66,"column":31}},{"start":{"line":66,"column":35},"end":{"line":66,"column":41}}],"line":66},"10":{"loc":{"start":{"line":71,"column":2},"end":{"line":79,"column":3}},"type":"if","locations":[{"start":{"line":71,"column":2},"end":{"line":79,"column":3}},{"start":{},"end":{}}],"line":71},"11":{"loc":{"start":{"line":74,"column":70},"end":{"line":74,"column":104}},"type":"binary-expr","locations":[{"start":{"line":74,"column":70},"end":{"line":74,"column":88}},{"start":{"line":74,"column":92},"end":{"line":74,"column":104}}],"line":74},"12":{"loc":{"start":{"line":82,"column":18},"end":{"line":82,"column":40}},"type":"binary-expr","locations":[{"start":{"line":82,"column":18},"end":{"line":82,"column":29}},{"start":{"line":82,"column":33},"end":{"line":82,"column":40}}],"line":82},"13":{"loc":{"start":{"line":83,"column":18},"end":{"line":83,"column":40}},"type":"binary-expr","locations":[{"start":{"line":83,"column":18},"end":{"line":83,"column":29}},{"start":{"line":83,"column":33},"end":{"line":83,"column":40}}],"line":83},"14":{"loc":{"start":{"line":91,"column":26},"end":{"line":91,"column":95}},"type":"binary-expr","locations":[{"start":{"line":91,"column":26},"end":{"line":91,"column":49}},{"start":{"line":91,"column":53},"end":{"line":91,"column":95}}],"line":91},"15":{"loc":{"start":{"line":97,"column":16},"end":{"line":97,"column":45}},"type":"cond-expr","locations":[{"start":{"line":97,"column":31},"end":{"line":97,"column":37}},{"start":{"line":97,"column":40},"end":{"line":97,"column":45}}],"line":97},"16":{"loc":{"start":{"line":99,"column":2},"end":{"line":122,"column":3}},"type":"switch","locations":[{"start":{"line":100,"column":4},"end":{"line":102,"column":12}},{"start":{"line":104,"column":4},"end":{"line":107,"column":12}},{"start":{"line":109,"column":4},"end":{"line":115,"column":12}},{"start":{"line":117,"column":4},"end":{"line":117,"column":16}},{"start":{"line":118,"column":4},"end":{"line":121,"column":12}}],"line":99},"17":{"loc":{"start":{"line":111,"column":6},"end":{"line":114,"column":7}},"type":"if","locations":[{"start":{"line":111,"column":6},"end":{"line":114,"column":7}},{"start":{},"end":{}}],"line":111},"18":{"loc":{"start":{"line":152,"column":15},"end":{"line":152,"column":49}},"type":"binary-expr","locations":[{"start":{"line":152,"column":15},"end":{"line":152,"column":33}},{"start":{"line":152,"column":37},"end":{"line":152,"column":49}}],"line":152},"19":{"loc":{"start":{"line":157,"column":15},"end":{"line":157,"column":49}},"type":"binary-expr","locations":[{"start":{"line":157,"column":15},"end":{"line":157,"column":33}},{"start":{"line":157,"column":37},"end":{"line":157,"column":49}}],"line":157},"20":{"loc":{"start":{"line":162,"column":15},"end":{"line":162,"column":49}},"type":"binary-expr","locations":[{"start":{"line":162,"column":15},"end":{"line":162,"column":33}},{"start":{"line":162,"column":37},"end":{"line":162,"column":49}}],"line":162},"21":{"loc":{"start":{"line":165,"column":2},"end":{"line":170,"column":3}},"type":"if","locations":[{"start":{"line":165,"column":2},"end":{"line":170,"column":3}},{"start":{},"end":{}}],"line":165},"22":{"loc":{"start":{"line":165,"column":6},"end":{"line":165,"column":45}},"type":"binary-expr","locations":[{"start":{"line":165,"column":6},"end":{"line":165,"column":23}},{"start":{"line":165,"column":27},"end":{"line":165,"column":45}}],"line":165},"23":{"loc":{"start":{"line":167,"column":4},"end":{"line":167,"column":73}},"type":"if","locations":[{"start":{"line":167,"column":4},"end":{"line":167,"column":73}},{"start":{},"end":{}}],"line":167},"24":{"loc":{"start":{"line":168,"column":4},"end":{"line":168,"column":42}},"type":"if","locations":[{"start":{"line":168,"column":4},"end":{"line":168,"column":42}},{"start":{},"end":{}}],"line":168},"25":{"loc":{"start":{"line":174,"column":2},"end":{"line":174,"column":70}},"type":"if","locations":[{"start":{"line":174,"column":2},"end":{"line":174,"column":70}},{"start":{},"end":{}}],"line":174},"26":{"loc":{"start":{"line":175,"column":2},"end":{"line":175,"column":78}},"type":"if","locations":[{"start":{"line":175,"column":2},"end":{"line":175,"column":78}},{"start":{},"end":{}}],"line":175},"27":{"loc":{"start":{"line":181,"column":15},"end":{"line":181,"column":49}},"type":"binary-expr","locations":[{"start":{"line":181,"column":15},"end":{"line":181,"column":33}},{"start":{"line":181,"column":37},"end":{"line":181,"column":49}}],"line":181},"28":{"loc":{"start":{"line":190,"column":2},"end":{"line":192,"column":3}},"type":"if","locations":[{"start":{"line":190,"column":2},"end":{"line":192,"column":3}},{"start":{},"end":{}}],"line":190}},"s":{"0":3,"1":3,"2":14,"3":14,"4":14,"5":14,"6":14,"7":14,"8":1,"9":13,"10":13,"11":13,"12":0,"13":0,"14":13,"15":0,"16":13,"17":14,"18":14,"19":14,"20":14,"21":10,"22":10,"23":10,"24":14,"25":14,"26":0,"27":14,"28":14,"29":14,"30":14,"31":14,"32":14,"33":14,"34":14,"35":14,"36":14,"37":14,"38":14,"39":14,"40":14,"41":5,"42":5,"43":6,"44":6,"45":6,"46":2,"47":2,"48":1,"49":1,"50":2,"51":1,"52":1,"53":1,"54":14,"55":5,"56":5,"57":5,"58":6,"59":6,"60":2,"61":2,"62":2,"63":1,"64":1,"65":0,"66":1,"67":1,"68":1,"69":1,"70":1,"71":1,"72":1,"73":1,"74":1,"75":1,"76":1,"77":1,"78":1,"79":1,"80":1,"81":1,"82":1,"83":1,"84":0,"85":1,"86":3},"f":{"0":14,"1":14,"2":13,"3":0,"4":14,"5":5,"6":6,"7":2,"8":1},"b":{"0":[1,13],"1":[0,13],"2":[13,0],"3":[0,13],"4":[10],"5":[14,10],"6":[10,4],"7":[14,14],"8":[10,5],"9":[10,0],"10":[0,14],"11":[0,0],"12":[14,14],"13":[14,14],"14":[14,2],"15":[1,13],"16":[5,6,2,1,1],"17":[1,1],"18":[5,3],"19":[6,4],"20":[2,2],"21":[1,1],"22":[2,1],"23":[0,1],"24":[1,0],"25":[1,0],"26":[1,0],"27":[1,1],"28":[0,1]},"_coverageSchema":"1a1c01bbd47fc00a2c39e90264f33305004495a9","hash":"c0055fd041491cbe01594a44de75d12fa181d881"}
,"/Users/sukesh/Desktop/Electrol Assistent/server/agents/deadlineAgent.js": {"path":"/Users/sukesh/Desktop/Electrol Assistent/server/agents/deadlineAgent.js","statementMap":{"0":{"start":{"line":6,"column":18},"end":{"line":6,"column":58}},"1":{"start":{"line":12,"column":16},"end":{"line":12,"column":26}},"2":{"start":{"line":13,"column":2},"end":{"line":13,"column":29}},"3":{"start":{"line":14,"column":19},"end":{"line":14,"column":36}},"4":{"start":{"line":15,"column":2},"end":{"line":15,"column":32}},"5":{"start":{"line":16,"column":2},"end":{"line":16,"column":63}},"6":{"start":{"line":23,"column":2},"end":{"line":23,"column":35}},"7":{"start":{"line":23,"column":21},"end":{"line":23,"column":35}},"8":{"start":{"line":24,"column":2},"end":{"line":24,"column":35}},"9":{"start":{"line":24,"column":21},"end":{"line":24,"column":35}},"10":{"start":{"line":25,"column":2},"end":{"line":25,"column":49}},"11":{"start":{"line":25,"column":33},"end":{"line":25,"column":49}},"12":{"start":{"line":26,"column":2},"end":{"line":26,"column":15}},"13":{"start":{"line":33,"column":15},"end":{"line":33,"column":46}},"14":{"start":{"line":34,"column":18},"end":{"line":34,"column":41}},"15":{"start":{"line":35,"column":2},"end":{"line":35,"column":41}},"16":{"start":{"line":36,"column":18},"end":{"line":36,"column":71}},"17":{"start":{"line":38,"column":17},"end":{"line":43,"column":4}},"18":{"start":{"line":45,"column":2},"end":{"line":45,"column":76}},"19":{"start":{"line":52,"column":14},"end":{"line":52,"column":24}},"20":{"start":{"line":53,"column":2},"end":{"line":53,"column":27}},"21":{"start":{"line":55,"column":2},"end":{"line":73,"column":47}},"22":{"start":{"line":57,"column":27},"end":{"line":57,"column":43}},"23":{"start":{"line":58,"column":6},"end":{"line":58,"column":40}},"24":{"start":{"line":60,"column":6},"end":{"line":60,"column":75}},"25":{"start":{"line":62,"column":17},"end":{"line":62,"column":59}},"26":{"start":{"line":64,"column":23},"end":{"line":64,"column":40}},"27":{"start":{"line":65,"column":6},"end":{"line":71,"column":8}},"28":{"start":{"line":73,"column":20},"end":{"line":73,"column":45}},"29":{"start":{"line":80,"column":2},"end":{"line":81,"column":78}},"30":{"start":{"line":81,"column":17},"end":{"line":81,"column":76}},"31":{"start":{"line":88,"column":19},"end":{"line":88,"column":40}},"32":{"start":{"line":89,"column":18},"end":{"line":89,"column":35}},"33":{"start":{"line":90,"column":20},"end":{"line":90,"column":49}},"34":{"start":{"line":92,"column":23},"end":{"line":92,"column":52}},"35":{"start":{"line":93,"column":26},"end":{"line":93,"column":79}},"36":{"start":{"line":93,"column":49},"end":{"line":93,"column":59}},"37":{"start":{"line":95,"column":21},"end":{"line":95,"column":23}},"38":{"start":{"line":96,"column":16},"end":{"line":96,"column":21}},"39":{"start":{"line":97,"column":17},"end":{"line":97,"column":23}},"40":{"start":{"line":99,"column":2},"end":{"line":147,"column":3}},"41":{"start":{"line":100,"column":26},"end":{"line":100,"column":83}},"42":{"start":{"line":100,"column":49},"end":{"line":100,"column":82}},"43":{"start":{"line":101,"column":4},"end":{"line":106,"column":5}},"44":{"start":{"line":102,"column":6},"end":{"line":102,"column":313}},"45":{"start":{"line":103,"column":6},"end":{"line":103,"column":38}},"46":{"start":{"line":105,"column":6},"end":{"line":105,"column":164}},"47":{"start":{"line":107,"column":4},"end":{"line":107,"column":31}},"48":{"start":{"line":108,"column":9},"end":{"line":147,"column":3}},"49":{"start":{"line":109,"column":29},"end":{"line":109,"column":92}},"50":{"start":{"line":109,"column":52},"end":{"line":109,"column":91}},"51":{"start":{"line":110,"column":4},"end":{"line":115,"column":5}},"52":{"start":{"line":111,"column":6},"end":{"line":111,"column":279}},"53":{"start":{"line":112,"column":6},"end":{"line":112,"column":41}},"54":{"start":{"line":114,"column":6},"end":{"line":114,"column":158}},"55":{"start":{"line":116,"column":4},"end":{"line":116,"column":31}},"56":{"start":{"line":117,"column":9},"end":{"line":147,"column":3}},"57":{"start":{"line":118,"column":24},"end":{"line":118,"column":82}},"58":{"start":{"line":118,"column":47},"end":{"line":118,"column":81}},"59":{"start":{"line":119,"column":4},"end":{"line":124,"column":5}},"60":{"start":{"line":120,"column":6},"end":{"line":120,"column":280}},"61":{"start":{"line":121,"column":6},"end":{"line":121,"column":36}},"62":{"start":{"line":123,"column":6},"end":{"line":123,"column":78}},"63":{"start":{"line":125,"column":4},"end":{"line":125,"column":31}},"64":{"start":{"line":126,"column":9},"end":{"line":147,"column":3}},"65":{"start":{"line":127,"column":28},"end":{"line":127,"column":64}},"66":{"start":{"line":127,"column":53},"end":{"line":127,"column":63}},"67":{"start":{"line":128,"column":4},"end":{"line":136,"column":5}},"68":{"start":{"line":129,"column":24},"end":{"line":131,"column":18}},"69":{"start":{"line":130,"column":8},"end":{"line":130,"column":88}},"70":{"start":{"line":132,"column":6},"end":{"line":132,"column":105}},"71":{"start":{"line":133,"column":6},"end":{"line":133,"column":43}},"72":{"start":{"line":135,"column":6},"end":{"line":135,"column":70}},"73":{"start":{"line":137,"column":4},"end":{"line":137,"column":31}},"74":{"start":{"line":140,"column":4},"end":{"line":145,"column":5}},"75":{"start":{"line":141,"column":6},"end":{"line":141,"column":317}},"76":{"start":{"line":142,"column":6},"end":{"line":142,"column":40}},"77":{"start":{"line":144,"column":6},"end":{"line":144,"column":102}},"78":{"start":{"line":146,"column":4},"end":{"line":146,"column":31}},"79":{"start":{"line":149,"column":2},"end":{"line":173,"column":4}},"80":{"start":{"line":160,"column":42},"end":{"line":168,"column":5}},"81":{"start":{"line":176,"column":0},"end":{"line":185,"column":2}},"82":{"start":{"line":182,"column":29},"end":{"line":182,"column":48}},"83":{"start":{"line":183,"column":30},"end":{"line":183,"column":62}},"84":{"start":{"line":184,"column":31},"end":{"line":184,"column":53}}},"fnMap":{"0":{"name":"daysUntil","decl":{"start":{"line":11,"column":9},"end":{"line":11,"column":18}},"loc":{"start":{"line":11,"column":28},"end":{"line":17,"column":1}},"line":11},"1":{"name":"getUrgency","decl":{"start":{"line":22,"column":9},"end":{"line":22,"column":19}},"loc":{"start":{"line":22,"column":45},"end":{"line":27,"column":1}},"line":22},"2":{"name":"generateCalendarLink","decl":{"start":{"line":32,"column":9},"end":{"line":32,"column":29}},"loc":{"start":{"line":32,"column":40},"end":{"line":46,"column":1}},"line":32},"3":{"name":"getActiveDeadlines","decl":{"start":{"line":51,"column":9},"end":{"line":51,"column":27}},"loc":{"start":{"line":51,"column":39},"end":{"line":74,"column":1}},"line":51},"4":{"name":"(anonymous_4)","decl":{"start":{"line":56,"column":12},"end":{"line":56,"column":13}},"loc":{"start":{"line":56,"column":17},"end":{"line":61,"column":5}},"line":56},"5":{"name":"(anonymous_5)","decl":{"start":{"line":62,"column":12},"end":{"line":62,"column":13}},"loc":{"start":{"line":62,"column":17},"end":{"line":62,"column":59}},"line":62},"6":{"name":"(anonymous_6)","decl":{"start":{"line":63,"column":9},"end":{"line":63,"column":10}},"loc":{"start":{"line":63,"column":14},"end":{"line":72,"column":5}},"line":63},"7":{"name":"(anonymous_7)","decl":{"start":{"line":73,"column":10},"end":{"line":73,"column":11}},"loc":{"start":{"line":73,"column":20},"end":{"line":73,"column":45}},"line":73},"8":{"name":"getProactiveAlerts","decl":{"start":{"line":79,"column":9},"end":{"line":79,"column":27}},"loc":{"start":{"line":79,"column":39},"end":{"line":82,"column":1}},"line":79},"9":{"name":"(anonymous_9)","decl":{"start":{"line":81,"column":12},"end":{"line":81,"column":13}},"loc":{"start":{"line":81,"column":17},"end":{"line":81,"column":76}},"line":81},"10":{"name":"handle","decl":{"start":{"line":87,"column":9},"end":{"line":87,"column":15}},"loc":{"start":{"line":87,"column":38},"end":{"line":174,"column":1}},"line":87},"11":{"name":"(anonymous_11)","decl":{"start":{"line":93,"column":44},"end":{"line":93,"column":45}},"loc":{"start":{"line":93,"column":49},"end":{"line":93,"column":59}},"line":93},"12":{"name":"(anonymous_12)","decl":{"start":{"line":100,"column":44},"end":{"line":100,"column":45}},"loc":{"start":{"line":100,"column":49},"end":{"line":100,"column":82}},"line":100},"13":{"name":"(anonymous_13)","decl":{"start":{"line":109,"column":47},"end":{"line":109,"column":48}},"loc":{"start":{"line":109,"column":52},"end":{"line":109,"column":91}},"line":109},"14":{"name":"(anonymous_14)","decl":{"start":{"line":118,"column":42},"end":{"line":118,"column":43}},"loc":{"start":{"line":118,"column":47},"end":{"line":118,"column":81}},"line":118},"15":{"name":"(anonymous_15)","decl":{"start":{"line":127,"column":48},"end":{"line":127,"column":49}},"loc":{"start":{"line":127,"column":53},"end":{"line":127,"column":63}},"line":127},"16":{"name":"(anonymous_16)","decl":{"start":{"line":129,"column":56},"end":{"line":129,"column":57}},"loc":{"start":{"line":130,"column":8},"end":{"line":130,"column":88}},"line":130},"17":{"name":"(anonymous_17)","decl":{"start":{"line":160,"column":36},"end":{"line":160,"column":37}},"loc":{"start":{"line":160,"column":42},"end":{"line":168,"column":5}},"line":160},"18":{"name":"(anonymous_18)","decl":{"start":{"line":182,"column":19},"end":{"line":182,"column":20}},"loc":{"start":{"line":182,"column":29},"end":{"line":182,"column":48}},"line":182},"19":{"name":"(anonymous_19)","decl":{"start":{"line":183,"column":24},"end":{"line":183,"column":25}},"loc":{"start":{"line":183,"column":30},"end":{"line":183,"column":62}},"line":183},"20":{"name":"(anonymous_20)","decl":{"start":{"line":184,"column":18},"end":{"line":184,"column":19}},"loc":{"start":{"line":184,"column":31},"end":{"line":184,"column":53}},"line":184}},"branchMap":{"0":{"loc":{"start":{"line":23,"column":2},"end":{"line":23,"column":35}},"type":"if","locations":[{"start":{"line":23,"column":2},"end":{"line":23,"column":35}},{"start":{},"end":{}}],"line":23},"1":{"loc":{"start":{"line":24,"column":2},"end":{"line":24,"column":35}},"type":"if","locations":[{"start":{"line":24,"column":2},"end":{"line":24,"column":35}},{"start":{},"end":{}}],"line":24},"2":{"loc":{"start":{"line":25,"column":2},"end":{"line":25,"column":49}},"type":"if","locations":[{"start":{"line":25,"column":2},"end":{"line":25,"column":49}},{"start":{},"end":{}}],"line":25},"3":{"loc":{"start":{"line":62,"column":17},"end":{"line":62,"column":59}},"type":"binary-expr","locations":[{"start":{"line":62,"column":17},"end":{"line":62,"column":34}},{"start":{"line":62,"column":38},"end":{"line":62,"column":59}}],"line":62},"4":{"loc":{"start":{"line":81,"column":17},"end":{"line":81,"column":76}},"type":"binary-expr","locations":[{"start":{"line":81,"column":17},"end":{"line":81,"column":33}},{"start":{"line":81,"column":37},"end":{"line":81,"column":76}}],"line":81},"5":{"loc":{"start":{"line":89,"column":18},"end":{"line":89,"column":35}},"type":"binary-expr","locations":[{"start":{"line":89,"column":18},"end":{"line":89,"column":29}},{"start":{"line":89,"column":33},"end":{"line":89,"column":35}}],"line":89},"6":{"loc":{"start":{"line":90,"column":20},"end":{"line":90,"column":49}},"type":"binary-expr","locations":[{"start":{"line":90,"column":20},"end":{"line":90,"column":33}},{"start":{"line":90,"column":37},"end":{"line":90,"column":49}}],"line":90},"7":{"loc":{"start":{"line":93,"column":26},"end":{"line":93,"column":79}},"type":"binary-expr","locations":[{"start":{"line":93,"column":26},"end":{"line":93,"column":60}},{"start":{"line":93,"column":64},"end":{"line":93,"column":79}}],"line":93},"8":{"loc":{"start":{"line":99,"column":2},"end":{"line":147,"column":3}},"type":"if","locations":[{"start":{"line":99,"column":2},"end":{"line":147,"column":3}},{"start":{"line":108,"column":9},"end":{"line":147,"column":3}}],"line":99},"9":{"loc":{"start":{"line":99,"column":6},"end":{"line":99,"column":68}},"type":"binary-expr","locations":[{"start":{"line":99,"column":6},"end":{"line":99,"column":33}},{"start":{"line":99,"column":37},"end":{"line":99,"column":68}}],"line":99},"10":{"loc":{"start":{"line":100,"column":49},"end":{"line":100,"column":82}},"type":"binary-expr","locations":[{"start":{"line":100,"column":49},"end":{"line":100,"column":68}},{"start":{"line":100,"column":72},"end":{"line":100,"column":82}}],"line":100},"11":{"loc":{"start":{"line":101,"column":4},"end":{"line":106,"column":5}},"type":"if","locations":[{"start":{"line":101,"column":4},"end":{"line":106,"column":5}},{"start":{"line":104,"column":11},"end":{"line":106,"column":5}}],"line":101},"12":{"loc":{"start":{"line":102,"column":24},"end":{"line":102,"column":53}},"type":"binary-expr","locations":[{"start":{"line":102,"column":24},"end":{"line":102,"column":42}},{"start":{"line":102,"column":46},"end":{"line":102,"column":53}}],"line":102},"13":{"loc":{"start":{"line":102,"column":235},"end":{"line":102,"column":275}},"type":"cond-expr","locations":[{"start":{"line":102,"column":267},"end":{"line":102,"column":270}},{"start":{"line":102,"column":273},"end":{"line":102,"column":275}}],"line":102},"14":{"loc":{"start":{"line":105,"column":24},"end":{"line":105,"column":53}},"type":"binary-expr","locations":[{"start":{"line":105,"column":24},"end":{"line":105,"column":42}},{"start":{"line":105,"column":46},"end":{"line":105,"column":53}}],"line":105},"15":{"loc":{"start":{"line":108,"column":9},"end":{"line":147,"column":3}},"type":"if","locations":[{"start":{"line":108,"column":9},"end":{"line":147,"column":3}},{"start":{"line":117,"column":9},"end":{"line":147,"column":3}}],"line":108},"16":{"loc":{"start":{"line":108,"column":13},"end":{"line":108,"column":108}},"type":"binary-expr","locations":[{"start":{"line":108,"column":13},"end":{"line":108,"column":42}},{"start":{"line":108,"column":46},"end":{"line":108,"column":71}},{"start":{"line":108,"column":75},"end":{"line":108,"column":108}}],"line":108},"17":{"loc":{"start":{"line":109,"column":52},"end":{"line":109,"column":91}},"type":"binary-expr","locations":[{"start":{"line":109,"column":52},"end":{"line":109,"column":77}},{"start":{"line":109,"column":81},"end":{"line":109,"column":91}}],"line":109},"18":{"loc":{"start":{"line":110,"column":4},"end":{"line":115,"column":5}},"type":"if","locations":[{"start":{"line":110,"column":4},"end":{"line":115,"column":5}},{"start":{"line":113,"column":11},"end":{"line":115,"column":5}}],"line":110},"19":{"loc":{"start":{"line":111,"column":24},"end":{"line":111,"column":53}},"type":"binary-expr","locations":[{"start":{"line":111,"column":24},"end":{"line":111,"column":42}},{"start":{"line":111,"column":46},"end":{"line":111,"column":53}}],"line":111},"20":{"loc":{"start":{"line":114,"column":24},"end":{"line":114,"column":53}},"type":"binary-expr","locations":[{"start":{"line":114,"column":24},"end":{"line":114,"column":42}},{"start":{"line":114,"column":46},"end":{"line":114,"column":53}}],"line":114},"21":{"loc":{"start":{"line":117,"column":9},"end":{"line":147,"column":3}},"type":"if","locations":[{"start":{"line":117,"column":9},"end":{"line":147,"column":3}},{"start":{"line":126,"column":9},"end":{"line":147,"column":3}}],"line":117},"22":{"loc":{"start":{"line":117,"column":13},"end":{"line":117,"column":72}},"type":"binary-expr","locations":[{"start":{"line":117,"column":13},"end":{"line":117,"column":37}},{"start":{"line":117,"column":41},"end":{"line":117,"column":72}}],"line":117},"23":{"loc":{"start":{"line":118,"column":47},"end":{"line":118,"column":81}},"type":"binary-expr","locations":[{"start":{"line":118,"column":47},"end":{"line":118,"column":67}},{"start":{"line":118,"column":71},"end":{"line":118,"column":81}}],"line":118},"24":{"loc":{"start":{"line":119,"column":4},"end":{"line":124,"column":5}},"type":"if","locations":[{"start":{"line":119,"column":4},"end":{"line":124,"column":5}},{"start":{"line":122,"column":11},"end":{"line":124,"column":5}}],"line":119},"25":{"loc":{"start":{"line":120,"column":24},"end":{"line":120,"column":53}},"type":"binary-expr","locations":[{"start":{"line":120,"column":24},"end":{"line":120,"column":42}},{"start":{"line":120,"column":46},"end":{"line":120,"column":53}}],"line":120},"26":{"loc":{"start":{"line":126,"column":9},"end":{"line":147,"column":3}},"type":"if","locations":[{"start":{"line":126,"column":9},"end":{"line":147,"column":3}},{"start":{"line":138,"column":9},"end":{"line":147,"column":3}}],"line":126},"27":{"loc":{"start":{"line":126,"column":13},"end":{"line":126,"column":136}},"type":"binary-expr","locations":[{"start":{"line":126,"column":13},"end":{"line":126,"column":37}},{"start":{"line":126,"column":41},"end":{"line":126,"column":70}},{"start":{"line":126,"column":74},"end":{"line":126,"column":103}},{"start":{"line":126,"column":107},"end":{"line":126,"column":136}}],"line":126},"28":{"loc":{"start":{"line":128,"column":4},"end":{"line":136,"column":5}},"type":"if","locations":[{"start":{"line":128,"column":4},"end":{"line":136,"column":5}},{"start":{"line":134,"column":11},"end":{"line":136,"column":5}}],"line":128},"29":{"loc":{"start":{"line":130,"column":43},"end":{"line":130,"column":71}},"type":"cond-expr","locations":[{"start":{"line":130,"column":63},"end":{"line":130,"column":66}},{"start":{"line":130,"column":69},"end":{"line":130,"column":71}}],"line":130},"30":{"loc":{"start":{"line":132,"column":24},"end":{"line":132,"column":53}},"type":"binary-expr","locations":[{"start":{"line":132,"column":24},"end":{"line":132,"column":42}},{"start":{"line":132,"column":46},"end":{"line":132,"column":53}}],"line":132},"31":{"loc":{"start":{"line":140,"column":4},"end":{"line":145,"column":5}},"type":"if","locations":[{"start":{"line":140,"column":4},"end":{"line":145,"column":5}},{"start":{"line":143,"column":11},"end":{"line":145,"column":5}}],"line":140},"32":{"loc":{"start":{"line":140,"column":8},"end":{"line":140,"column":51}},"type":"binary-expr","locations":[{"start":{"line":140,"column":8},"end":{"line":140,"column":23}},{"start":{"line":140,"column":27},"end":{"line":140,"column":51}}],"line":140},"33":{"loc":{"start":{"line":141,"column":24},"end":{"line":141,"column":53}},"type":"binary-expr","locations":[{"start":{"line":141,"column":24},"end":{"line":141,"column":42}},{"start":{"line":141,"column":46},"end":{"line":141,"column":53}}],"line":141},"34":{"loc":{"start":{"line":141,"column":141},"end":{"line":141,"column":183}},"type":"cond-expr","locations":[{"start":{"line":141,"column":175},"end":{"line":141,"column":178}},{"start":{"line":141,"column":181},"end":{"line":141,"column":183}}],"line":141},"35":{"loc":{"start":{"line":151,"column":22},"end":{"line":159,"column":12}},"type":"cond-expr","locations":[{"start":{"line":151,"column":40},"end":{"line":159,"column":5}},{"start":{"line":159,"column":8},"end":{"line":159,"column":12}}],"line":151}},"s":{"0":4,"1":155,"2":155,"3":155,"4":155,"5":155,"6":157,"7":1,"8":156,"9":27,"10":129,"11":27,"12":102,"13":150,"14":150,"15":150,"16":150,"17":150,"18":150,"19":25,"20":25,"21":25,"22":175,"23":175,"24":175,"25":175,"26":150,"27":150,"28":250,"29":15,"30":90,"31":8,"32":8,"33":8,"34":8,"35":8,"36":8,"37":8,"38":8,"39":8,"40":8,"41":1,"42":1,"43":1,"44":1,"45":1,"46":0,"47":1,"48":7,"49":1,"50":6,"51":1,"52":1,"53":1,"54":0,"55":1,"56":6,"57":1,"58":6,"59":1,"60":0,"61":0,"62":1,"63":1,"64":5,"65":4,"66":24,"67":4,"68":4,"69":12,"70":4,"71":4,"72":0,"73":4,"74":1,"75":1,"76":1,"77":0,"78":1,"79":8,"80":48,"81":4,"82":7,"83":2,"84":2},"f":{"0":155,"1":157,"2":150,"3":25,"4":175,"5":175,"6":150,"7":250,"8":15,"9":90,"10":8,"11":8,"12":1,"13":6,"14":6,"15":24,"16":12,"17":48,"18":7,"19":2,"20":2},"b":{"0":[1,156],"1":[27,129],"2":[27,102],"3":[175,75],"4":[90,90],"5":[8,0],"6":[8,6],"7":[8,0],"8":[1,7],"9":[8,7],"10":[1,1],"11":[1,0],"12":[1,0],"13":[1,0],"14":[0,0],"15":[1,6],"16":[7,6,6],"17":[6,1],"18":[1,0],"19":[1,0],"20":[0,0],"21":[1,5],"22":[6,5],"23":[6,0],"24":[0,1],"25":[0,0],"26":[4,1],"27":[5,5,4,4],"28":[4,0],"29":[12,0],"30":[4,1],"31":[1,0],"32":[1,1],"33":[1,0],"34":[1,0],"35":[8,0]},"_coverageSchema":"1a1c01bbd47fc00a2c39e90264f33305004495a9","hash":"42950d50007ae60453bbe89cc5df4a4500a3d0e5"}
,"/Users/sukesh/Desktop/Electrol Assistent/server/agents/fallbackAgent.js": {"path":"/Users/sukesh/Desktop/Electrol Assistent/server/agents/fallbackAgent.js","statementMap":{"0":{"start":{"line":6,"column":22},"end":{"line":6,"column":48}},"1":{"start":{"line":9,"column":26},"end":{"line":18,"column":1}},"2":{"start":{"line":24,"column":18},"end":{"line":24,"column":35}},"3":{"start":{"line":25,"column":22},"end":{"line":25,"column":24}},"4":{"start":{"line":28,"column":2},"end":{"line":30,"column":3}},"5":{"start":{"line":29,"column":4},"end":{"line":29,"column":73}},"6":{"start":{"line":29,"column":49},"end":{"line":29,"column":70}},"7":{"start":{"line":33,"column":17},"end":{"line":33,"column":80}},"8":{"start":{"line":34,"column":2},"end":{"line":36,"column":3}},"9":{"start":{"line":35,"column":4},"end":{"line":35,"column":76}},"10":{"start":{"line":35,"column":49},"end":{"line":35,"column":73}},"11":{"start":{"line":39,"column":2},"end":{"line":39,"column":71}},"12":{"start":{"line":39,"column":47},"end":{"line":39,"column":68}},"13":{"start":{"line":42,"column":20},"end":{"line":42,"column":75}},"14":{"start":{"line":42,"column":50},"end":{"line":42,"column":74}},"15":{"start":{"line":43,"column":2},"end":{"line":45,"column":3}},"16":{"start":{"line":44,"column":4},"end":{"line":44,"column":40}},"17":{"start":{"line":47,"column":2},"end":{"line":47,"column":37}},"18":{"start":{"line":54,"column":12},"end":{"line":54,"column":19}},"19":{"start":{"line":55,"column":16},"end":{"line":55,"column":33}},"20":{"start":{"line":57,"column":2},"end":{"line":60,"column":3}},"21":{"start":{"line":58,"column":4},"end":{"line":58,"column":32}},"22":{"start":{"line":59,"column":4},"end":{"line":59,"column":40}},"23":{"start":{"line":62,"column":22},"end":{"line":62,"column":51}},"24":{"start":{"line":63,"column":19},"end":{"line":63,"column":36}},"25":{"start":{"line":64,"column":22},"end":{"line":64,"column":46}},"26":{"start":{"line":67,"column":17},"end":{"line":67,"column":80}},"27":{"start":{"line":68,"column":25},"end":{"line":68,"column":30}},"28":{"start":{"line":69,"column":21},"end":{"line":69,"column":23}},"29":{"start":{"line":71,"column":2},"end":{"line":77,"column":3}},"30":{"start":{"line":72,"column":4},"end":{"line":72,"column":28}},"31":{"start":{"line":73,"column":20},"end":{"line":73,"column":29}},"32":{"start":{"line":74,"column":4},"end":{"line":74,"column":282}},"33":{"start":{"line":76,"column":4},"end":{"line":76,"column":182}},"34":{"start":{"line":79,"column":2},"end":{"line":89,"column":4}},"35":{"start":{"line":92,"column":0},"end":{"line":96,"column":2}}},"fnMap":{"0":{"name":"pickSuggestions","decl":{"start":{"line":23,"column":9},"end":{"line":23,"column":24}},"loc":{"start":{"line":23,"column":49},"end":{"line":48,"column":1}},"line":23},"1":{"name":"(anonymous_1)","decl":{"start":{"line":29,"column":44},"end":{"line":29,"column":45}},"loc":{"start":{"line":29,"column":49},"end":{"line":29,"column":70}},"line":29},"2":{"name":"(anonymous_2)","decl":{"start":{"line":35,"column":44},"end":{"line":35,"column":45}},"loc":{"start":{"line":35,"column":49},"end":{"line":35,"column":73}},"line":35},"3":{"name":"(anonymous_3)","decl":{"start":{"line":39,"column":42},"end":{"line":39,"column":43}},"loc":{"start":{"line":39,"column":47},"end":{"line":39,"column":68}},"line":39},"4":{"name":"(anonymous_4)","decl":{"start":{"line":42,"column":45},"end":{"line":42,"column":46}},"loc":{"start":{"line":42,"column":50},"end":{"line":42,"column":74}},"line":42},"5":{"name":"handle","decl":{"start":{"line":53,"column":15},"end":{"line":53,"column":21}},"loc":{"start":{"line":53,"column":44},"end":{"line":90,"column":1}},"line":53}},"branchMap":{"0":{"loc":{"start":{"line":23,"column":38},"end":{"line":23,"column":47}},"type":"default-arg","locations":[{"start":{"line":23,"column":46},"end":{"line":23,"column":47}}],"line":23},"1":{"loc":{"start":{"line":24,"column":18},"end":{"line":24,"column":35}},"type":"binary-expr","locations":[{"start":{"line":24,"column":18},"end":{"line":24,"column":29}},{"start":{"line":24,"column":33},"end":{"line":24,"column":35}}],"line":24},"2":{"loc":{"start":{"line":28,"column":2},"end":{"line":30,"column":3}},"type":"if","locations":[{"start":{"line":28,"column":2},"end":{"line":30,"column":3}},{"start":{},"end":{}}],"line":28},"3":{"loc":{"start":{"line":28,"column":6},"end":{"line":28,"column":60}},"type":"binary-expr","locations":[{"start":{"line":28,"column":6},"end":{"line":28,"column":28}},{"start":{"line":28,"column":32},"end":{"line":28,"column":60}}],"line":28},"4":{"loc":{"start":{"line":33,"column":50},"end":{"line":33,"column":79}},"type":"binary-expr","locations":[{"start":{"line":33,"column":50},"end":{"line":33,"column":63}},{"start":{"line":33,"column":67},"end":{"line":33,"column":79}}],"line":33},"5":{"loc":{"start":{"line":34,"column":2},"end":{"line":36,"column":3}},"type":"if","locations":[{"start":{"line":34,"column":2},"end":{"line":36,"column":3}},{"start":{},"end":{}}],"line":34},"6":{"loc":{"start":{"line":43,"column":9},"end":{"line":43,"column":59}},"type":"binary-expr","locations":[{"start":{"line":43,"column":9},"end":{"line":43,"column":35}},{"start":{"line":43,"column":39},"end":{"line":43,"column":59}}],"line":43},"7":{"loc":{"start":{"line":55,"column":16},"end":{"line":55,"column":33}},"type":"binary-expr","locations":[{"start":{"line":55,"column":16},"end":{"line":55,"column":27}},{"start":{"line":55,"column":31},"end":{"line":55,"column":33}}],"line":55},"8":{"loc":{"start":{"line":57,"column":2},"end":{"line":60,"column":3}},"type":"if","locations":[{"start":{"line":57,"column":2},"end":{"line":60,"column":3}},{"start":{},"end":{}}],"line":57},"9":{"loc":{"start":{"line":57,"column":6},"end":{"line":57,"column":44}},"type":"binary-expr","locations":[{"start":{"line":57,"column":6},"end":{"line":57,"column":13}},{"start":{"line":57,"column":17},"end":{"line":57,"column":44}}],"line":57},"10":{"loc":{"start":{"line":58,"column":10},"end":{"line":58,"column":31}},"type":"binary-expr","locations":[{"start":{"line":58,"column":10},"end":{"line":58,"column":25}},{"start":{"line":58,"column":29},"end":{"line":58,"column":31}}],"line":58},"11":{"loc":{"start":{"line":59,"column":14},"end":{"line":59,"column":39}},"type":"binary-expr","locations":[{"start":{"line":59,"column":14},"end":{"line":59,"column":33}},{"start":{"line":59,"column":37},"end":{"line":59,"column":39}}],"line":59},"12":{"loc":{"start":{"line":62,"column":22},"end":{"line":62,"column":51}},"type":"binary-expr","locations":[{"start":{"line":62,"column":22},"end":{"line":62,"column":40}},{"start":{"line":62,"column":44},"end":{"line":62,"column":51}}],"line":62},"13":{"loc":{"start":{"line":67,"column":50},"end":{"line":67,"column":79}},"type":"binary-expr","locations":[{"start":{"line":67,"column":50},"end":{"line":67,"column":63}},{"start":{"line":67,"column":67},"end":{"line":67,"column":79}}],"line":67},"14":{"loc":{"start":{"line":71,"column":2},"end":{"line":77,"column":3}},"type":"if","locations":[{"start":{"line":71,"column":2},"end":{"line":77,"column":3}},{"start":{"line":75,"column":9},"end":{"line":77,"column":3}}],"line":71},"15":{"loc":{"start":{"line":71,"column":6},"end":{"line":71,"column":51}},"type":"binary-expr","locations":[{"start":{"line":71,"column":6},"end":{"line":71,"column":23}},{"start":{"line":71,"column":27},"end":{"line":71,"column":51}}],"line":71},"16":{"loc":{"start":{"line":74,"column":62},"end":{"line":74,"column":96}},"type":"binary-expr","locations":[{"start":{"line":74,"column":62},"end":{"line":74,"column":80}},{"start":{"line":74,"column":84},"end":{"line":74,"column":96}}],"line":74},"17":{"loc":{"start":{"line":74,"column":191},"end":{"line":74,"column":225}},"type":"cond-expr","locations":[{"start":{"line":74,"column":217},"end":{"line":74,"column":220}},{"start":{"line":74,"column":223},"end":{"line":74,"column":225}}],"line":74},"18":{"loc":{"start":{"line":76,"column":63},"end":{"line":76,"column":97}},"type":"binary-expr","locations":[{"start":{"line":76,"column":63},"end":{"line":76,"column":81}},{"start":{"line":76,"column":85},"end":{"line":76,"column":97}}],"line":76},"19":{"loc":{"start":{"line":84,"column":24},"end":{"line":84,"column":59}},"type":"cond-expr","locations":[{"start":{"line":84,"column":43},"end":{"line":84,"column":52}},{"start":{"line":84,"column":55},"end":{"line":84,"column":59}}],"line":84},"20":{"loc":{"start":{"line":87,"column":13},"end":{"line":87,"column":48}},"type":"cond-expr","locations":[{"start":{"line":87,"column":32},"end":{"line":87,"column":40}},{"start":{"line":87,"column":43},"end":{"line":87,"column":48}}],"line":87}},"s":{"0":3,"1":3,"2":7,"3":7,"4":7,"5":3,"6":3,"7":7,"8":7,"9":7,"10":35,"11":7,"12":14,"13":7,"14":56,"15":7,"16":4,"17":7,"18":7,"19":7,"20":7,"21":4,"22":4,"23":7,"24":7,"25":7,"26":7,"27":7,"28":7,"29":7,"30":7,"31":7,"32":7,"33":0,"34":7,"35":3},"f":{"0":7,"1":3,"2":35,"3":14,"4":56,"5":7},"b":{"0":[7],"1":[7,0],"2":[3,4],"3":[7,3],"4":[7,4],"5":[7,0],"6":[11,4],"7":[7,4],"8":[4,3],"9":[7,7],"10":[4,2],"11":[4,4],"12":[7,4],"13":[7,4],"14":[7,0],"15":[7,7],"16":[7,4],"17":[7,0],"18":[0,0],"19":[7,0],"20":[7,0]},"_coverageSchema":"1a1c01bbd47fc00a2c39e90264f33305004495a9","hash":"1b1e4865a2c04c35082b07a90cea63505dd1e34f"}
,"/Users/sukesh/Desktop/Electrol Assistent/server/agents/grievanceAgent.js": {"path":"/Users/sukesh/Desktop/Electrol Assistent/server/agents/grievanceAgent.js","statementMap":{"0":{"start":{"line":6,"column":15},"end":{"line":6,"column":32}},"1":{"start":{"line":9,"column":20},"end":{"line":9,"column":22}},"2":{"start":{"line":15,"column":14},"end":{"line":15,"column":24}},"3":{"start":{"line":16,"column":18},"end":{"line":16,"column":67}},"4":{"start":{"line":17,"column":17},"end":{"line":17,"column":84}},"5":{"start":{"line":18,"column":2},"end":{"line":18,"column":36}},"6":{"start":{"line":25,"column":19},"end":{"line":25,"column":40}},"7":{"start":{"line":27,"column":2},"end":{"line":31,"column":3}},"8":{"start":{"line":30,"column":4},"end":{"line":30,"column":27}},"9":{"start":{"line":32,"column":2},"end":{"line":35,"column":3}},"10":{"start":{"line":34,"column":4},"end":{"line":34,"column":24}},"11":{"start":{"line":36,"column":2},"end":{"line":38,"column":3}},"12":{"start":{"line":37,"column":4},"end":{"line":37,"column":19}},"13":{"start":{"line":39,"column":2},"end":{"line":42,"column":3}},"14":{"start":{"line":41,"column":4},"end":{"line":41,"column":18}},"15":{"start":{"line":43,"column":2},"end":{"line":46,"column":3}},"16":{"start":{"line":45,"column":4},"end":{"line":45,"column":18}},"17":{"start":{"line":48,"column":2},"end":{"line":48,"column":17}},"18":{"start":{"line":55,"column":19},"end":{"line":55,"column":40}},"19":{"start":{"line":56,"column":27},"end":{"line":58,"column":59}},"20":{"start":{"line":60,"column":25},"end":{"line":60,"column":26}},"21":{"start":{"line":61,"column":2},"end":{"line":63,"column":3}},"22":{"start":{"line":62,"column":4},"end":{"line":62,"column":52}},"23":{"start":{"line":62,"column":33},"end":{"line":62,"column":52}},"24":{"start":{"line":66,"column":23},"end":{"line":66,"column":57}},"25":{"start":{"line":67,"column":20},"end":{"line":67,"column":75}},"26":{"start":{"line":69,"column":2},"end":{"line":69,"column":43}},"27":{"start":{"line":69,"column":24},"end":{"line":69,"column":43}},"28":{"start":{"line":70,"column":2},"end":{"line":70,"column":65}},"29":{"start":{"line":70,"column":46},"end":{"line":70,"column":65}},"30":{"start":{"line":72,"column":2},"end":{"line":72,"column":83}},"31":{"start":{"line":79,"column":16},"end":{"line":122,"column":3}},"32":{"start":{"line":124,"column":2},"end":{"line":124,"column":40}},"33":{"start":{"line":131,"column":16},"end":{"line":131,"column":33}},"34":{"start":{"line":132,"column":12},"end":{"line":132,"column":19}},"35":{"start":{"line":133,"column":22},"end":{"line":133,"column":26}},"36":{"start":{"line":135,"column":2},"end":{"line":139,"column":3}},"37":{"start":{"line":136,"column":4},"end":{"line":136,"column":32}},"38":{"start":{"line":137,"column":4},"end":{"line":137,"column":37}},"39":{"start":{"line":138,"column":4},"end":{"line":138,"column":40}},"40":{"start":{"line":141,"column":19},"end":{"line":141,"column":60}},"41":{"start":{"line":142,"column":22},"end":{"line":142,"column":44}},"42":{"start":{"line":143,"column":21},"end":{"line":143,"column":48}},"43":{"start":{"line":144,"column":19},"end":{"line":144,"column":37}},"44":{"start":{"line":147,"column":16},"end":{"line":147,"column":24}},"45":{"start":{"line":148,"column":2},"end":{"line":148,"column":82}},"46":{"start":{"line":148,"column":65},"end":{"line":148,"column":82}},"47":{"start":{"line":149,"column":2},"end":{"line":149,"column":47}},"48":{"start":{"line":149,"column":30},"end":{"line":149,"column":47}},"49":{"start":{"line":152,"column":17},"end":{"line":162,"column":3}},"50":{"start":{"line":163,"column":2},"end":{"line":163,"column":27}},"51":{"start":{"line":166,"column":21},"end":{"line":166,"column":23}},"52":{"start":{"line":168,"column":2},"end":{"line":180,"column":3}},"53":{"start":{"line":169,"column":4},"end":{"line":169,"column":268}},"54":{"start":{"line":170,"column":9},"end":{"line":180,"column":3}},"55":{"start":{"line":171,"column":4},"end":{"line":171,"column":260}},"56":{"start":{"line":172,"column":9},"end":{"line":180,"column":3}},"57":{"start":{"line":173,"column":4},"end":{"line":173,"column":257}},"58":{"start":{"line":174,"column":9},"end":{"line":180,"column":3}},"59":{"start":{"line":175,"column":4},"end":{"line":175,"column":251}},"60":{"start":{"line":176,"column":9},"end":{"line":180,"column":3}},"61":{"start":{"line":177,"column":4},"end":{"line":177,"column":227}},"62":{"start":{"line":179,"column":4},"end":{"line":179,"column":239}},"63":{"start":{"line":182,"column":2},"end":{"line":193,"column":4}},"64":{"start":{"line":200,"column":2},"end":{"line":200,"column":55}},"65":{"start":{"line":200,"column":33},"end":{"line":200,"column":53}},"66":{"start":{"line":203,"column":0},"end":{"line":209,"column":2}}},"fnMap":{"0":{"name":"generateTicketId","decl":{"start":{"line":14,"column":9},"end":{"line":14,"column":25}},"loc":{"start":{"line":14,"column":28},"end":{"line":19,"column":1}},"line":14},"1":{"name":"categorizeComplaint","decl":{"start":{"line":24,"column":9},"end":{"line":24,"column":28}},"loc":{"start":{"line":24,"column":38},"end":{"line":49,"column":1}},"line":24},"2":{"name":"detectFrustration","decl":{"start":{"line":54,"column":9},"end":{"line":54,"column":26}},"loc":{"start":{"line":54,"column":36},"end":{"line":73,"column":1}},"line":54},"3":{"name":"getEscalationPath","decl":{"start":{"line":78,"column":9},"end":{"line":78,"column":26}},"loc":{"start":{"line":78,"column":37},"end":{"line":125,"column":1}},"line":78},"4":{"name":"handle","decl":{"start":{"line":130,"column":9},"end":{"line":130,"column":15}},"loc":{"start":{"line":130,"column":38},"end":{"line":194,"column":1}},"line":130},"5":{"name":"getTickets","decl":{"start":{"line":199,"column":9},"end":{"line":199,"column":19}},"loc":{"start":{"line":199,"column":28},"end":{"line":201,"column":1}},"line":199},"6":{"name":"(anonymous_6)","decl":{"start":{"line":200,"column":28},"end":{"line":200,"column":29}},"loc":{"start":{"line":200,"column":33},"end":{"line":200,"column":53}},"line":200}},"branchMap":{"0":{"loc":{"start":{"line":27,"column":2},"end":{"line":31,"column":3}},"type":"if","locations":[{"start":{"line":27,"column":2},"end":{"line":31,"column":3}},{"start":{},"end":{}}],"line":27},"1":{"loc":{"start":{"line":27,"column":6},"end":{"line":29,"column":62}},"type":"binary-expr","locations":[{"start":{"line":27,"column":6},"end":{"line":27,"column":37}},{"start":{"line":27,"column":41},"end":{"line":27,"column":72}},{"start":{"line":27,"column":76},"end":{"line":27,"column":102}},{"start":{"line":28,"column":6},"end":{"line":28,"column":31}},{"start":{"line":28,"column":35},"end":{"line":28,"column":64}},{"start":{"line":28,"column":68},"end":{"line":28,"column":102}},{"start":{"line":29,"column":6},"end":{"line":29,"column":31}},{"start":{"line":29,"column":35},"end":{"line":29,"column":62}}],"line":27},"2":{"loc":{"start":{"line":32,"column":2},"end":{"line":35,"column":3}},"type":"if","locations":[{"start":{"line":32,"column":2},"end":{"line":35,"column":3}},{"start":{},"end":{}}],"line":32},"3":{"loc":{"start":{"line":32,"column":6},"end":{"line":33,"column":100}},"type":"binary-expr","locations":[{"start":{"line":32,"column":6},"end":{"line":32,"column":33}},{"start":{"line":32,"column":37},"end":{"line":32,"column":67}},{"start":{"line":32,"column":71},"end":{"line":32,"column":96}},{"start":{"line":33,"column":6},"end":{"line":33,"column":33}},{"start":{"line":33,"column":37},"end":{"line":33,"column":68}},{"start":{"line":33,"column":72},"end":{"line":33,"column":100}}],"line":32},"4":{"loc":{"start":{"line":36,"column":2},"end":{"line":38,"column":3}},"type":"if","locations":[{"start":{"line":36,"column":2},"end":{"line":38,"column":3}},{"start":{},"end":{}}],"line":36},"5":{"loc":{"start":{"line":36,"column":6},"end":{"line":36,"column":103}},"type":"binary-expr","locations":[{"start":{"line":36,"column":6},"end":{"line":36,"column":32}},{"start":{"line":36,"column":36},"end":{"line":36,"column":63}},{"start":{"line":36,"column":67},"end":{"line":36,"column":103}}],"line":36},"6":{"loc":{"start":{"line":39,"column":2},"end":{"line":42,"column":3}},"type":"if","locations":[{"start":{"line":39,"column":2},"end":{"line":42,"column":3}},{"start":{},"end":{}}],"line":39},"7":{"loc":{"start":{"line":39,"column":6},"end":{"line":40,"column":97}},"type":"binary-expr","locations":[{"start":{"line":39,"column":6},"end":{"line":39,"column":31}},{"start":{"line":39,"column":35},"end":{"line":39,"column":63}},{"start":{"line":40,"column":6},"end":{"line":40,"column":36}},{"start":{"line":40,"column":40},"end":{"line":40,"column":68}},{"start":{"line":40,"column":72},"end":{"line":40,"column":97}}],"line":39},"8":{"loc":{"start":{"line":43,"column":2},"end":{"line":46,"column":3}},"type":"if","locations":[{"start":{"line":43,"column":2},"end":{"line":46,"column":3}},{"start":{},"end":{}}],"line":43},"9":{"loc":{"start":{"line":43,"column":6},"end":{"line":44,"column":66}},"type":"binary-expr","locations":[{"start":{"line":43,"column":6},"end":{"line":43,"column":31}},{"start":{"line":43,"column":35},"end":{"line":43,"column":64}},{"start":{"line":43,"column":68},"end":{"line":43,"column":95}},{"start":{"line":44,"column":6},"end":{"line":44,"column":33}},{"start":{"line":44,"column":37},"end":{"line":44,"column":66}}],"line":43},"10":{"loc":{"start":{"line":62,"column":4},"end":{"line":62,"column":52}},"type":"if","locations":[{"start":{"line":62,"column":4},"end":{"line":62,"column":52}},{"start":{},"end":{}}],"line":62},"11":{"loc":{"start":{"line":66,"column":24},"end":{"line":66,"column":49}},"type":"binary-expr","locations":[{"start":{"line":66,"column":24},"end":{"line":66,"column":43}},{"start":{"line":66,"column":47},"end":{"line":66,"column":49}}],"line":66},"12":{"loc":{"start":{"line":67,"column":21},"end":{"line":67,"column":50}},"type":"binary-expr","locations":[{"start":{"line":67,"column":21},"end":{"line":67,"column":44}},{"start":{"line":67,"column":48},"end":{"line":67,"column":50}}],"line":67},"13":{"loc":{"start":{"line":69,"column":2},"end":{"line":69,"column":43}},"type":"if","locations":[{"start":{"line":69,"column":2},"end":{"line":69,"column":43}},{"start":{},"end":{}}],"line":69},"14":{"loc":{"start":{"line":70,"column":2},"end":{"line":70,"column":65}},"type":"if","locations":[{"start":{"line":70,"column":2},"end":{"line":70,"column":65}},{"start":{},"end":{}}],"line":70},"15":{"loc":{"start":{"line":70,"column":6},"end":{"line":70,"column":44}},"type":"binary-expr","locations":[{"start":{"line":70,"column":6},"end":{"line":70,"column":21}},{"start":{"line":70,"column":25},"end":{"line":70,"column":44}}],"line":70},"16":{"loc":{"start":{"line":72,"column":9},"end":{"line":72,"column":82}},"type":"cond-expr","locations":[{"start":{"line":72,"column":33},"end":{"line":72,"column":39}},{"start":{"line":72,"column":42},"end":{"line":72,"column":82}}],"line":72},"17":{"loc":{"start":{"line":72,"column":42},"end":{"line":72,"column":82}},"type":"cond-expr","locations":[{"start":{"line":72,"column":66},"end":{"line":72,"column":74}},{"start":{"line":72,"column":77},"end":{"line":72,"column":82}}],"line":72},"18":{"loc":{"start":{"line":124,"column":9},"end":{"line":124,"column":39}},"type":"binary-expr","locations":[{"start":{"line":124,"column":9},"end":{"line":124,"column":24}},{"start":{"line":124,"column":28},"end":{"line":124,"column":39}}],"line":124},"19":{"loc":{"start":{"line":131,"column":16},"end":{"line":131,"column":33}},"type":"binary-expr","locations":[{"start":{"line":131,"column":16},"end":{"line":131,"column":27}},{"start":{"line":131,"column":31},"end":{"line":131,"column":33}}],"line":131},"20":{"loc":{"start":{"line":135,"column":2},"end":{"line":139,"column":3}},"type":"if","locations":[{"start":{"line":135,"column":2},"end":{"line":139,"column":3}},{"start":{},"end":{}}],"line":135},"21":{"loc":{"start":{"line":135,"column":6},"end":{"line":135,"column":44}},"type":"binary-expr","locations":[{"start":{"line":135,"column":6},"end":{"line":135,"column":13}},{"start":{"line":135,"column":17},"end":{"line":135,"column":44}}],"line":135},"22":{"loc":{"start":{"line":136,"column":10},"end":{"line":136,"column":31}},"type":"binary-expr","locations":[{"start":{"line":136,"column":10},"end":{"line":136,"column":25}},{"start":{"line":136,"column":29},"end":{"line":136,"column":31}}],"line":136},"23":{"loc":{"start":{"line":138,"column":14},"end":{"line":138,"column":39}},"type":"binary-expr","locations":[{"start":{"line":138,"column":14},"end":{"line":138,"column":33}},{"start":{"line":138,"column":37},"end":{"line":138,"column":39}}],"line":138},"24":{"loc":{"start":{"line":141,"column":19},"end":{"line":141,"column":60}},"type":"binary-expr","locations":[{"start":{"line":141,"column":19},"end":{"line":141,"column":32}},{"start":{"line":141,"column":36},"end":{"line":141,"column":60}}],"line":141},"25":{"loc":{"start":{"line":148,"column":2},"end":{"line":148,"column":82}},"type":"if","locations":[{"start":{"line":148,"column":2},"end":{"line":148,"column":82}},{"start":{},"end":{}}],"line":148},"26":{"loc":{"start":{"line":148,"column":6},"end":{"line":148,"column":63}},"type":"binary-expr","locations":[{"start":{"line":148,"column":6},"end":{"line":148,"column":34}},{"start":{"line":148,"column":38},"end":{"line":148,"column":63}}],"line":148},"27":{"loc":{"start":{"line":149,"column":2},"end":{"line":149,"column":47}},"type":"if","locations":[{"start":{"line":149,"column":2},"end":{"line":149,"column":47}},{"start":{},"end":{}}],"line":149},"28":{"loc":{"start":{"line":154,"column":13},"end":{"line":154,"column":41}},"type":"binary-expr","locations":[{"start":{"line":154,"column":13},"end":{"line":154,"column":28}},{"start":{"line":154,"column":32},"end":{"line":154,"column":41}}],"line":154},"29":{"loc":{"start":{"line":168,"column":2},"end":{"line":180,"column":3}},"type":"if","locations":[{"start":{"line":168,"column":2},"end":{"line":180,"column":3}},{"start":{"line":170,"column":9},"end":{"line":180,"column":3}}],"line":168},"30":{"loc":{"start":{"line":169,"column":54},"end":{"line":169,"column":88}},"type":"binary-expr","locations":[{"start":{"line":169,"column":54},"end":{"line":169,"column":72}},{"start":{"line":169,"column":76},"end":{"line":169,"column":88}}],"line":169},"31":{"loc":{"start":{"line":170,"column":9},"end":{"line":180,"column":3}},"type":"if","locations":[{"start":{"line":170,"column":9},"end":{"line":180,"column":3}},{"start":{"line":172,"column":9},"end":{"line":180,"column":3}}],"line":170},"32":{"loc":{"start":{"line":171,"column":52},"end":{"line":171,"column":86}},"type":"binary-expr","locations":[{"start":{"line":171,"column":52},"end":{"line":171,"column":70}},{"start":{"line":171,"column":74},"end":{"line":171,"column":86}}],"line":171},"33":{"loc":{"start":{"line":172,"column":9},"end":{"line":180,"column":3}},"type":"if","locations":[{"start":{"line":172,"column":9},"end":{"line":180,"column":3}},{"start":{"line":174,"column":9},"end":{"line":180,"column":3}}],"line":172},"34":{"loc":{"start":{"line":173,"column":64},"end":{"line":173,"column":98}},"type":"binary-expr","locations":[{"start":{"line":173,"column":64},"end":{"line":173,"column":82}},{"start":{"line":173,"column":86},"end":{"line":173,"column":98}}],"line":173},"35":{"loc":{"start":{"line":174,"column":9},"end":{"line":180,"column":3}},"type":"if","locations":[{"start":{"line":174,"column":9},"end":{"line":180,"column":3}},{"start":{"line":176,"column":9},"end":{"line":180,"column":3}}],"line":174},"36":{"loc":{"start":{"line":175,"column":72},"end":{"line":175,"column":106}},"type":"binary-expr","locations":[{"start":{"line":175,"column":72},"end":{"line":175,"column":90}},{"start":{"line":175,"column":94},"end":{"line":175,"column":106}}],"line":175},"37":{"loc":{"start":{"line":176,"column":9},"end":{"line":180,"column":3}},"type":"if","locations":[{"start":{"line":176,"column":9},"end":{"line":180,"column":3}},{"start":{"line":178,"column":9},"end":{"line":180,"column":3}}],"line":176},"38":{"loc":{"start":{"line":177,"column":56},"end":{"line":177,"column":90}},"type":"binary-expr","locations":[{"start":{"line":177,"column":56},"end":{"line":177,"column":74}},{"start":{"line":177,"column":78},"end":{"line":177,"column":90}}],"line":177},"39":{"loc":{"start":{"line":179,"column":50},"end":{"line":179,"column":84}},"type":"binary-expr","locations":[{"start":{"line":179,"column":50},"end":{"line":179,"column":68}},{"start":{"line":179,"column":72},"end":{"line":179,"column":84}}],"line":179}},"s":{"0":3,"1":3,"2":103,"3":103,"4":103,"5":103,"6":5,"7":5,"8":1,"9":4,"10":0,"11":4,"12":1,"13":3,"14":2,"15":1,"16":0,"17":1,"18":2,"19":2,"20":2,"21":2,"22":32,"23":0,"24":2,"25":2,"26":2,"27":0,"28":2,"29":0,"30":2,"31":2,"32":2,"33":2,"34":2,"35":2,"36":2,"37":1,"38":1,"39":1,"40":2,"41":2,"42":2,"43":2,"44":2,"45":2,"46":1,"47":2,"48":0,"49":2,"50":2,"51":2,"52":2,"53":1,"54":1,"55":0,"56":1,"57":0,"58":1,"59":1,"60":0,"61":0,"62":0,"63":2,"64":0,"65":0,"66":3},"f":{"0":103,"1":5,"2":2,"3":2,"4":2,"5":0,"6":0},"b":{"0":[1,4],"1":[5,4,4,4,4,4,4,4],"2":[0,4],"3":[4,4,4,4,4,4],"4":[1,3],"5":[4,3,3],"6":[2,1],"7":[3,1,1,1,1],"8":[0,1],"9":[1,1,1,1,1],"10":[0,32],"11":[2,2],"12":[2,2],"13":[0,2],"14":[0,2],"15":[2,0],"16":[0,2],"17":[0,2],"18":[2,0],"19":[2,1],"20":[1,1],"21":[2,2],"22":[1,0],"23":[1,1],"24":[2,1],"25":[1,1],"26":[2,1],"27":[0,2],"28":[2,1],"29":[1,1],"30":[1,1],"31":[0,1],"32":[0,0],"33":[0,1],"34":[0,0],"35":[1,0],"36":[1,0],"37":[0,0],"38":[0,0],"39":[0,0]},"_coverageSchema":"1a1c01bbd47fc00a2c39e90264f33305004495a9","hash":"c49d114ca0089799b3962f79179c4c235c0f9512"}
[...]
}],"line":27},"3":{"loc":{"start":{"line":29,"column":11},"end":{"line":33,"column":5}},"type":"if","locations":[{"start":{"line":29,"column":11},"end":{"line":33,"column":5}},{"start":{"line":31,"column":11},"end":{"line":33,"column":5}}],"line":29},"4":{"loc":{"start":{"line":29,"column":15},"end":{"line":29,"column":77}},"type":"binary-expr","locations":[{"start":{"line":29,"column":15},"end":{"line":29,"column":42}},{"start":{"line":29,"column":46},"end":{"line":29,"column":77}}],"line":29},"5":{"loc":{"start":{"line":31,"column":11},"end":{"line":33,"column":5}},"type":"if","locations":[{"start":{"line":31,"column":11},"end":{"line":33,"column":5}},{"start":{},"end":{}}],"line":31},"6":{"loc":{"start":{"line":31,"column":15},"end":{"line":31,"column":63}},"type":"binary-expr","locations":[{"start":{"line":31,"column":15},"end":{"line":31,"column":37}},{"start":{"line":31,"column":41},"end":{"line":31,"column":63}}],"line":31},"7":{"loc":{"start":{"line":54,"column":4},"end":{"line":56,"column":5}},"type":"if","locations":[{"start":{"line":54,"column":4},"end":{"line":56,"column":5}},{"start":{},"end":{}}],"line":54},"8":{"loc":{"start":{"line":55,"column":19},"end":{"line":55,"column":46}},"type":"binary-expr","locations":[{"start":{"line":55,"column":19},"end":{"line":55,"column":37}},{"start":{"line":55,"column":41},"end":{"line":55,"column":46}}],"line":55},"9":{"loc":{"start":{"line":65,"column":2},"end":{"line":65,"column":32}},"type":"if","locations":[{"start":{"line":65,"column":2},"end":{"line":65,"column":32}},{"start":{},"end":{}}],"line":65},"10":{"loc":{"start":{"line":66,"column":2},"end":{"line":66,"column":38}},"type":"if","locations":[{"start":{"line":66,"column":2},"end":{"line":66,"column":38}},{"start":{},"end":{}}],"line":66},"11":{"loc":{"start":{"line":68,"column":2},"end":{"line":68,"column":39}},"type":"if","locations":[{"start":{"line":68,"column":2},"end":{"line":68,"column":39}},{"start":{},"end":{}}],"line":68},"12":{"loc":{"start":{"line":77,"column":2},"end":{"line":77,"column":67}},"type":"if","locations":[{"start":{"line":77,"column":2},"end":{"line":77,"column":67}},{"start":{},"end":{}}],"line":77},"13":{"loc":{"start":{"line":77,"column":6},"end":{"line":77,"column":38}},"type":"binary-expr","locations":[{"start":{"line":77,"column":6},"end":{"line":77,"column":19}},{"start":{"line":77,"column":23},"end":{"line":77,"column":38}}],"line":77},"14":{"loc":{"start":{"line":81,"column":20},"end":{"line":81,"column":46}},"type":"cond-expr","locations":[{"start":{"line":81,"column":31},"end":{"line":81,"column":39}},{"start":{"line":81,"column":42},"end":{"line":81,"column":46}}],"line":81},"15":{"loc":{"start":{"line":93,"column":20},"end":{"line":93,"column":37}},"type":"binary-expr","locations":[{"start":{"line":93,"column":20},"end":{"line":93,"column":31}},{"start":{"line":93,"column":35},"end":{"line":93,"column":37}}],"line":93},"16":{"loc":{"start":{"line":95,"column":2},"end":{"line":98,"column":3}},"type":"if","locations":[{"start":{"line":95,"column":2},"end":{"line":98,"column":3}},{"start":{},"end":{}}],"line":95},"17":{"loc":{"start":{"line":95,"column":6},"end":{"line":95,"column":44}},"type":"binary-expr","locations":[{"start":{"line":95,"column":6},"end":{"line":95,"column":13}},{"start":{"line":95,"column":17},"end":{"line":95,"column":44}}],"line":95},"18":{"loc":{"start":{"line":96,"column":10},"end":{"line":96,"column":31}},"type":"binary-expr","locations":[{"start":{"line":96,"column":10},"end":{"line":96,"column":25}},{"start":{"line":96,"column":29},"end":{"line":96,"column":31}}],"line":96},"19":{"loc":{"start":{"line":97,"column":18},"end":{"line":97,"column":67}},"type":"binary-expr","locations":[{"start":{"line":97,"column":18},"end":{"line":97,"column":38}},{"start":{"line":97,"column":42},"end":{"line":97,"column":61}},{"start":{"line":97,"column":65},"end":{"line":97,"column":67}}],"line":97},"20":{"loc":{"start":{"line":100,"column":17},"end":{"line":100,"column":52}},"type":"binary-expr","locations":[{"start":{"line":100,"column":17},"end":{"line":100,"column":36}},{"start":{"line":100,"column":40},"end":{"line":100,"column":52}}],"line":100},"21":{"loc":{"start":{"line":102,"column":18},"end":{"line":102,"column":73}},"type":"binary-expr","locations":[{"start":{"line":102,"column":18},"end":{"line":102,"column":58}},{"start":{"line":102,"column":62},"end":{"line":102,"column":73}}],"line":102},"22":{"loc":{"start":{"line":112,"column":2},"end":{"line":112,"column":54}},"type":"if","locations":[{"start":{"line":112,"column":2},"end":{"line":112,"column":54}},{"start":{},"end":{}}],"line":112},"23":{"loc":{"start":{"line":113,"column":2},"end":{"line":113,"column":70}},"type":"if","locations":[{"start":{"line":113,"column":2},"end":{"line":113,"column":70}},{"start":{},"end":{}}],"line":113},"24":{"loc":{"start":{"line":114,"column":2},"end":{"line":114,"column":62}},"type":"if","locations":[{"start":{"line":114,"column":2},"end":{"line":114,"column":62}},{"start":{},"end":{}}],"line":114},"25":{"loc":{"start":{"line":124,"column":2},"end":{"line":154,"column":3}},"type":"if","locations":[{"start":{"line":124,"column":2},"end":{"line":154,"column":3}},{"start":{},"end":{}}],"line":124},"26":{"loc":{"start":{"line":139,"column":13},"end":{"line":139,"column":41}},"type":"binary-expr","locations":[{"start":{"line":139,"column":13},"end":{"line":139,"column":24}},{"start":{"line":139,"column":28},"end":{"line":139,"column":41}}],"line":139},"27":{"loc":{"start":{"line":140,"column":16},"end":{"line":140,"column":40}},"type":"binary-expr","locations":[{"start":{"line":140,"column":16},"end":{"line":140,"column":30}},{"start":{"line":140,"column":34},"end":{"line":140,"column":40}}],"line":140},"28":{"loc":{"start":{"line":142,"column":21},"end":{"line":142,"column":54}},"type":"binary-expr","locations":[{"start":{"line":142,"column":21},"end":{"line":142,"column":45}},{"start":{"line":142,"column":49},"end":{"line":142,"column":54}}],"line":142},"29":{"loc":{"start":{"line":145,"column":17},"end":{"line":145,"column":78}},"type":"binary-expr","locations":[{"start":{"line":145,"column":17},"end":{"line":145,"column":32}},{"start":{"line":145,"column":36},"end":{"line":145,"column":78}}],"line":145},"30":{"loc":{"start":{"line":146,"column":19},"end":{"line":146,"column":44}},"type":"binary-expr","locations":[{"start":{"line":146,"column":19},"end":{"line":146,"column":36}},{"start":{"line":146,"column":40},"end":{"line":146,"column":44}}],"line":146},"31":{"loc":{"start":{"line":156,"column":2},"end":{"line":184,"column":3}},"type":"if","locations":[{"start":{"line":156,"column":2},"end":{"line":184,"column":3}},{"start":{"line":158,"column":9},"end":{"line":184,"column":3}}],"line":156},"32":{"loc":{"start":{"line":156,"column":6},"end":{"line":156,"column":64}},"type":"binary-expr","locations":[{"start":{"line":156,"column":6},"end":{"line":156,"column":31}},{"start":{"line":156,"column":35},"end":{"line":156,"column":64}}],"line":156},"33":{"loc":{"start":{"line":158,"column":9},"end":{"line":184,"column":3}},"type":"if","locations":[{"start":{"line":158,"column":9},"end":{"line":184,"column":3}},{"start":{"line":164,"column":9},"end":{"line":184,"column":3}}],"line":158},"34":{"loc":{"start":{"line":158,"column":13},"end":{"line":158,"column":109}},"type":"binary-expr","locations":[{"start":{"line":158,"column":13},"end":{"line":158,"column":42}},{"start":{"line":158,"column":46},"end":{"line":158,"column":74}},{"start":{"line":158,"column":78},"end":{"line":158,"column":109}}],"line":158},"35":{"loc":{"start":{"line":159,"column":4},"end":{"line":163,"column":5}},"type":"if","locations":[{"start":{"line":159,"column":4},"end":{"line":163,"column":5}},{"start":{"line":161,"column":11},"end":{"line":163,"column":5}}],"line":159},"36":{"loc":{"start":{"line":164,"column":9},"end":{"line":184,"column":3}},"type":"if","locations":[{"start":{"line":164,"column":9},"end":{"line":184,"column":3}},{"start":{"line":170,"column":9},"end":{"line":184,"column":3}}],"line":164},"37":{"loc":{"start":{"line":164,"column":13},"end":{"line":164,"column":74}},"type":"binary-expr","locations":[{"start":{"line":164,"column":13},"end":{"line":164,"column":41}},{"start":{"line":164,"column":45},"end":{"line":164,"column":74}}],"line":164},"38":{"loc":{"start":{"line":165,"column":4},"end":{"line":169,"column":5}},"type":"if","locations":[{"start":{"line":165,"column":4},"end":{"line":169,"column":5}},{"start":{"line":167,"column":11},"end":{"line":169,"column":5}}],"line":165},"39":{"loc":{"start":{"line":170,"column":9},"end":{"line":184,"column":3}},"type":"if","locations":[{"start":{"line":170,"column":9},"end":{"line":184,"column":3}},{"start":{"line":172,"column":9},"end":{"line":184,"column":3}}],"line":170},"40":{"loc":{"start":{"line":171,"column":92},"end":{"line":171,"column":230}},"type":"cond-expr","locations":[{"start":{"line":171,"column":129},"end":{"line":171,"column":197}},{"start":{"line":171,"column":200},"end":{"line":171,"column":230}}],"line":171},"41":{"loc":{"start":{"line":172,"column":9},"end":{"line":184,"column":3}},"type":"if","locations":[{"start":{"line":172,"column":9},"end":{"line":184,"column":3}},{"start":{"line":178,"column":9},"end":{"line":184,"column":3}}],"line":172},"42":{"loc":{"start":{"line":172,"column":13},"end":{"line":172,"column":72}},"type":"binary-expr","locations":[{"start":{"line":172,"column":13},"end":{"line":172,"column":41}},{"start":{"line":172,"column":45},"end":{"line":172,"column":72}}],"line":172},"43":{"loc":{"start":{"line":173,"column":4},"end":{"line":177,"column":5}},"type":"if","locations":[{"start":{"line":173,"column":4},"end":{"line":177,"column":5}},{"start":{"line":175,"column":11},"end":{"line":177,"column":5}}],"line":173},"44":{"loc":{"start":{"line":181,"column":4},"end":{"line":183,"column":5}},"type":"if","locations":[{"start":{"line":181,"column":4},"end":{"line":183,"column":5}},{"start":{},"end":{}}],"line":181},"45":{"loc":{"start":{"line":199,"column":15},"end":{"line":199,"column":59}},"type":"cond-expr","locations":[{"start":{"line":199,"column":34},"end":{"line":199,"column":50}},{"start":{"line":199,"column":53},"end":{"line":199,"column":59}}],"line":199},"46":{"loc":{"start":{"line":200,"column":13},"end":{"line":200,"column":94}},"type":"cond-expr","locations":[{"start":{"line":200,"column":50},"end":{"line":200,"column":56}},{"start":{"line":200,"column":59},"end":{"line":200,"column":94}}],"line":200},"47":{"loc":{"start":{"line":200,"column":59},"end":{"line":200,"column":94}},"type":"cond-expr","locations":[{"start":{"line":200,"column":78},"end":{"line":200,"column":86}},{"start":{"line":200,"column":89},"end":{"line":200,"column":94}}],"line":200}},"s":{"0":3,"1":3,"2":12,"3":12,"4":84,"5":69,"6":15,"7":2,"8":13,"9":2,"10":11,"11":1,"12":12,"13":9,"14":9,"15":9,"16":63,"17":0,"18":9,"19":3,"20":1,"21":2,"22":1,"23":1,"24":1,"25":0,"26":1,"27":1,"28":11,"29":0,"30":11,"31":11,"32":9,"33":9,"34":9,"35":1,"36":1,"37":9,"38":9,"39":12,"40":9,"41":9,"42":9,"43":9,"44":9,"45":9,"46":9,"47":0,"48":9,"49":0,"50":9,"51":0,"52":9,"53":9,"54":9,"55":65,"56":9,"57":2,"58":2,"59":7,"60":1,"61":6,"62":1,"63":1,"64":0,"65":5,"66":1,"67":0,"68":1,"69":4,"70":1,"71":3,"72":1,"73":1,"74":0,"75":2,"76":2,"77":0,"78":7,"79":3},"f":{"0":12,"1":9,"2":3,"3":11,"4":9,"5":12,"6":65},"b":{"0":[69,15],"1":[2,13],"2":[15,3],"3":[2,11],"4":[13,3],"5":[1,10],"6":[11,3],"7":[0,63],"8":[0,0],"9":[1,2],"10":[1,1],"11":[0,1],"12":[0,11],"13":[11,11],"14":[1,10],"15":[9,6],"16":[1,8],"17":[9,9],"18":[1,0],"19":[1,0,0],"20":[9,7],"21":[9,1],"22":[0,9],"23":[0,9],"24":[0,9],"25":[2,7],"26":[2,0],"27":[2,0],"28":[2,0],"29":[2,0],"30":[2,2],"31":[1,6],"32":[7,6],"33":[1,5],"34":[6,6,5],"35":[1,0],"36":[1,4],"37":[5,4],"38":[0,1],"39":[1,3],"40":[0,1],"41":[1,2],"42":[3,2],"43":[1,0],"44":[0,2],"45":[0,7],"46":[0,7],"47":[0,7]},"_coverageSchema":"1a1c01bbd47fc00a2c39e90264f33305004495a9","hash":"a65d6568efe447f117692bff9737ac381fb65e24"}
,"/Users/sukesh/Desktop/Electrol Assistent/server/utils/intentClassifier.js": {"path":"/Users/sukesh/Desktop/Electrol Assistent/server/utils/intentClassifier.js","statementMap":{"0":{"start":{"line":7,"column":24},"end":{"line":49,"column":1}},"1":{"start":{"line":52,"column":26},"end":{"line":65,"column":1}},"2":{"start":{"line":73,"column":19},"end":{"line":73,"column":47}},"3":{"start":{"line":74,"column":17},"end":{"line":74,"column":19}},"4":{"start":{"line":76,"column":2},"end":{"line":84,"column":3}},"5":{"start":{"line":77,"column":16},"end":{"line":77,"column":17}},"6":{"start":{"line":78,"column":4},"end":{"line":82,"column":5}},"7":{"start":{"line":79,"column":6},"end":{"line":81,"column":7}},"8":{"start":{"line":80,"column":8},"end":{"line":80,"column":31}},"9":{"start":{"line":83,"column":4},"end":{"line":83,"column":27}},"10":{"start":{"line":87,"column":19},"end":{"line":87,"column":29}},"11":{"start":{"line":88,"column":18},"end":{"line":88,"column":19}},"12":{"start":{"line":90,"column":2},"end":{"line":95,"column":3}},"13":{"start":{"line":91,"column":4},"end":{"line":94,"column":5}},"14":{"start":{"line":92,"column":6},"end":{"line":92,"column":24}},"15":{"start":{"line":93,"column":6},"end":{"line":93,"column":26}},"16":{"start":{"line":98,"column":21},"end":{"line":98,"column":69}},"17":{"start":{"line":98,"column":60},"end":{"line":98,"column":65}},"18":{"start":{"line":99,"column":21},"end":{"line":99,"column":64}},"19":{"start":{"line":101,"column":2},"end":{"line":105,"column":4}},"20":{"start":{"line":114,"column":20},"end":{"line":119,"column":3}},"21":{"start":{"line":121,"column":2},"end":{"line":125,"column":3}},"22":{"start":{"line":122,"column":4},"end":{"line":124,"column":5}},"23":{"start":{"line":123,"column":6},"end":{"line":123,"column":86}},"24":{"start":{"line":127,"column":2},"end":{"line":127,"column":69}},"25":{"start":{"line":136,"column":2},"end":{"line":136,"column":61}},"26":{"start":{"line":136,"column":47},"end":{"line":136,"column":61}},"27":{"start":{"line":137,"column":16},"end":{"line":137,"column":37}},"28":{"start":{"line":139,"column":20},"end":{"line":140,"column":74}},"29":{"start":{"line":141,"column":22},"end":{"line":142,"column":75}},"30":{"start":{"line":143,"column":20},"end":{"line":144,"column":67}},"31":{"start":{"line":146,"column":22},"end":{"line":146,"column":69}},"32":{"start":{"line":146,"column":44},"end":{"line":146,"column":61}},"33":{"start":{"line":147,"column":24},"end":{"line":147,"column":73}},"34":{"start":{"line":147,"column":48},"end":{"line":147,"column":65}},"35":{"start":{"line":148,"column":22},"end":{"line":148,"column":69}},"36":{"start":{"line":148,"column":44},"end":{"line":148,"column":61}},"37":{"start":{"line":150,"column":2},"end":{"line":150,"column":46}},"38":{"start":{"line":150,"column":23},"end":{"line":150,"column":46}},"39":{"start":{"line":151,"column":2},"end":{"line":151,"column":62}},"40":{"start":{"line":151,"column":46},"end":{"line":151,"column":62}},"41":{"start":{"line":152,"column":2},"end":{"line":152,"column":64}},"42":{"start":{"line":152,"column":46},"end":{"line":152,"column":64}},"43":{"start":{"line":153,"column":2},"end":{"line":153,"column":16}},"44":{"start":{"line":156,"column":0},"end":{"line":156,"column":76}}},"fnMap":{"0":{"name":"classifyIntent","decl":{"start":{"line":72,"column":9},"end":{"line":72,"column":23}},"loc":{"start":{"line":72,"column":33},"end":{"line":106,"column":1}},"line":72},"1":{"name":"(anonymous_1)","decl":{"start":{"line":98,"column":50},"end":{"line":98,"column":51}},"loc":{"start":{"line":98,"column":60},"end":{"line":98,"column":65}},"line":98},"2":{"name":"detectLanguage","decl":{"start":{"line":113,"column":9},"end":{"line":113,"column":23}},"loc":{"start":{"line":113,"column":33},"end":{"line":128,"column":1}},"line":113},"3":{"name":"classifyBoothSubIntent","decl":{"start":{"line":135,"column":9},"end":{"line":135,"column":31}},"loc":{"start":{"line":135,"column":41},"end":{"line":154,"column":1}},"line":135},"4":{"name":"(anonymous_4)","decl":{"start":{"line":146,"column":39},"end":{"line":146,"column":40}},"loc":{"start":{"line":146,"column":44},"end":{"line":146,"column":61}},"line":146},"5":{"name":"(anonymous_5)","decl":{"start":{"line":147,"column":43},"end":{"line":147,"column":44}},"loc":{"start":{"line":147,"column":48},"end":{"line":147,"column":65}},"line":147},"6":{"name":"(anonymous_6)","decl":{"start":{"line":148,"column":39},"end":{"line":148,"column":40}},"loc":{"start":{"line":148,"column":44},"end":{"line":148,"column":61}},"line":148}},"branchMap":{"0":{"loc":{"start":{"line":79,"column":6},"end":{"line":81,"column":7}},"type":"if","locations":[{"start":{"line":79,"column":6},"end":{"line":81,"column":7}},{"start":{},"end":{}}],"line":79},"1":{"loc":{"start":{"line":91,"column":4},"end":{"line":94,"column":5}},"type":"if","locations":[{"start":{"line":91,"column":4},"end":{"line":94,"column":5}},{"start":{},"end":{}}],"line":91},"2":{"loc":{"start":{"line":99,"column":21},"end":{"line":99,"column":64}},"type":"cond-expr","locations":[{"start":{"line":99,"column":38},"end":{"line":99,"column":60}},{"start":{"line":99,"column":63},"end":{"line":99,"column":64}}],"line":99},"3":{"loc":{"start":{"line":122,"column":4},"end":{"line":124,"column":5}},"type":"if","locations":[{"start":{"line":122,"column":4},"end":{"line":124,"column":5}},{"start":{},"end":{}}],"line":122},"4":{"loc":{"start":{"line":123,"column":45},"end":{"line":123,"column":68}},"type":"binary-expr","locations":[{"start":{"line":123,"column":45},"end":{"line":123,"column":60}},{"start":{"line":123,"column":64},"end":{"line":123,"column":68}}],"line":123},"5":{"loc":{"start":{"line":136,"column":2},"end":{"line":136,"column":61}},"type":"if","locations":[{"start":{"line":136,"column":2},"end":{"line":136,"column":61}},{"start":{},"end":{}}],"line":136},"6":{"loc":{"start":{"line":136,"column":6},"end":{"line":136,"column":45}},"type":"binary-expr","locations":[{"start":{"line":136,"column":6},"end":{"line":136,"column":14}},{"start":{"line":136,"column":18},"end":{"line":136,"column":45}}],"line":136},"7":{"loc":{"start":{"line":150,"column":2},"end":{"line":150,"column":46}},"type":"if","locations":[{"start":{"line":150,"column":2},"end":{"line":150,"column":46}},{"start":{},"end":{}}],"line":150},"8":{"loc":{"start":{"line":151,"column":2},"end":{"line":151,"column":62}},"type":"if","locations":[{"start":{"line":151,"column":2},"end":{"line":151,"column":62}},{"start":{},"end":{}}],"line":151},"9":{"loc":{"start":{"line":151,"column":6},"end":{"line":151,"column":44}},"type":"binary-expr","locations":[{"start":{"line":151,"column":6},"end":{"line":151,"column":21}},{"start":{"line":151,"column":25},"end":{"line":151,"column":44}}],"line":151},"10":{"loc":{"start":{"line":152,"column":2},"end":{"line":152,"column":64}},"type":"if","locations":[{"start":{"line":152,"column":2},"end":{"line":152,"column":64}},{"start":{},"end":{}}],"line":152},"11":{"loc":{"start":{"line":152,"column":6},"end":{"line":152,"column":44}},"type":"binary-expr","locations":[{"start":{"line":152,"column":6},"end":{"line":152,"column":23}},{"start":{"line":152,"column":27},"end":{"line":152,"column":44}}],"line":152}},"s":{"0":3,"1":3,"2":19,"3":19,"4":19,"5":95,"6":95,"7":2375,"8":38,"9":95,"10":19,"11":19,"12":19,"13":95,"14":18,"15":18,"16":19,"17":95,"18":19,"19":19,"20":13,"21":13,"22":156,"23":0,"24":13,"25":19,"26":4,"27":15,"28":15,"29":15,"30":15,"31":15,"32":195,"33":15,"34":180,"35":15,"36":135,"37":15,"38":1,"39":14,"40":5,"41":9,"42":4,"43":5,"44":3},"f":{"0":19,"1":95,"2":13,"3":19,"4":195,"5":180,"6":135},"b":{"0":[38,2337],"1":[18,77],"2":[15,4],"3":[0,156],"4":[0,0],"5":[4,15],"6":[19,15],"7":[1,14],"8":[5,9],"9":[14,7],"10":[4,5],"11":[9,6]},"_coverageSchema":"1a1c01bbd47fc00a2c39e90264f33305004495a9","hash":"fadf3e38f6a62e854f64bcf53968c79a4df887f5"}
}
