TN:
SF:server/config.js
FNF:0
FNH:0
DA:1,5
DA:3,5
DA:36,5
LF:3
LH:3
BRDA:4,0,0,5
BRDA:4,0,1,0
BRDA:5,1,0,5
BRDA:5,1,1,0
BRDA:8,2,0,5
BRDA:8,2,1,0
BRDA:9,3,0,5
BRDA:9,3,1,0
BRDA:13,4,0,5
BRDA:13,4,1,5
BRDA:14,5,0,5
BRDA:14,5,1,5
BRDA:15,6,0,5
BRDA:15,6,1,5
BRDA:16,7,0,5
BRDA:16,7,1,5
BRDA:17,8,0,5
BRDA:17,8,1,5
BRDA:18,9,0,5
BRDA:18,9,1,5
BRDA:22,10,0,5
BRDA:22,10,1,0
BRDA:23,11,0,5
BRDA:23,11,1,5
BRF:24
BRH:19
end_of_record
TN:
SF:server/agents/applicationAgent.js
FN:45,decideForm
FN:73,getApplicationStatus
FN:99,simulateDocumentValidation
FN:117,generateFormLink
FN:136,handle
FNF:5
FNH:5
FNDA:8,decideForm
FNDA:8,getApplicationStatus
FNDA:1,simulateDocumentValidation
FNDA:1,generateFormLink
FNDA:1,handle
DA:6,3
DA:9,3
DA:46,8
DA:48,8
DA:49,2
DA:51,6
DA:52,2
DA:54,4
DA:57,3
DA:59,1
DA:60,1
DA:63,0
DA:74,8
DA:75,8
DA:76,8
DA:78,8
DA:79,8
DA:80,8
DA:81,7
DA:82,6
DA:83,2
DA:84,2
DA:86,4
DA:88,8
DA:100,1
DA:109,1
DA:110,1
DA:111,1
DA:118,1
DA:124,1
DA:125,1
DA:126,1
DA:127,1
DA:137,1
DA:138,1
DA:141,1
DA:142,1
DA:144,1
DA:145,1
DA:146,1
DA:149,1
DA:165,3
LF:42
LH:41
BRDA:48,0,0,2
BRDA:48,0,1,6
BRDA:48,1,0,8
BRDA:48,1,1,7
BRDA:48,1,2,7
BRDA:48,1,3,6
BRDA:51,2,0,2
BRDA:51,2,1,4
BRDA:51,3,0,6
BRDA:51,3,1,5
BRDA:51,3,2,4
BRDA:51,3,3,4
BRDA:51,3,4,4
BRDA:54,4,0,3
BRDA:54,4,1,1
BRDA:54,5,0,4
BRDA:54,5,1,3
BRDA:54,5,2,3
BRDA:54,5,3,2
BRDA:54,5,4,2
BRDA:54,5,5,2
BRDA:54,5,6,2
BRDA:54,5,7,1
BRDA:59,6,0,1
BRDA:59,6,1,0
BRDA:59,7,0,1
BRDA:59,7,1,0
BRDA:59,7,2,0
BRDA:59,7,3,0
BRDA:74,8,0,8
BRDA:74,8,1,7
BRDA:74,9,0,7
BRDA:74,9,1,0
BRDA:75,10,0,8
BRDA:75,10,1,1
BRDA:76,11,0,8
BRDA:76,11,1,7
BRDA:80,12,0,1
BRDA:80,12,1,7
BRDA:81,13,0,1
BRDA:81,13,1,6
BRDA:82,14,0,2
BRDA:82,14,1,4
BRDA:109,15,0,1
BRDA:109,15,1,0
BRDA:110,16,0,0
BRDA:110,16,1,1
BRDA:124,17,0,1
BRDA:124,17,1,0
BRDA:125,18,0,1
BRDA:125,18,1,0
BRDA:126,19,0,1
BRDA:126,19,1,0
BRDA:137,20,0,1
BRDA:137,20,1,0
BRDA:138,21,0,1
BRDA:138,21,1,0
BRDA:151,22,0,1
BRDA:151,22,1,1
BRDA:155,23,0,1
BRDA:155,23,1,0
BRDA:158,24,0,1
BRDA:158,24,1,1
BRF:63
BRH:50
end_of_record
TN:
SF:server/agents/boothAgent.js
FN:13,haversine
FN:26,findBooth
FN:40,(anonymous_2)
FN:42,(anonymous_3)
FN:54,handle
FN:150,buildTimingResponse
FN:156,buildLocationResponse
FN:161,buildAccessibilityResponse
FN:180,buildFullResponse
FNF:9
FNH:8
FNDA:14,haversine
FNDA:14,findBooth
FNDA:13,(anonymous_2)
FNDA:0,(anonymous_3)
FNDA:14,handle
FNDA:5,buildTimingResponse
FNDA:6,buildLocationResponse
FNDA:2,buildAccessibilityResponse
FNDA:1,buildFullResponse
DA:7,3
DA:8,3
DA:14,14
DA:15,14
DA:16,14
DA:17,14
DA:20,14
DA:27,14
DA:28,1
DA:40,13
DA:41,13
DA:42,0
DA:44,13
DA:45,13
DA:55,14
DA:56,14
DA:57,14
DA:59,14
DA:60,10
DA:61,10
DA:66,10
DA:69,14
DA:71,14
DA:72,0
DA:82,14
DA:83,14
DA:84,14
DA:85,14
DA:86,14
DA:88,14
DA:89,14
DA:90,14
DA:91,14
DA:94,14
DA:95,14
DA:96,14
DA:97,14
DA:99,14
DA:101,5
DA:102,5
DA:105,6
DA:106,6
DA:107,6
DA:110,2
DA:111,2
DA:112,1
DA:113,1
DA:115,2
DA:119,1
DA:120,1
DA:121,1
DA:124,14
DA:151,5
DA:152,5
DA:153,5
DA:157,6
DA:158,6
DA:162,2
DA:163,2
DA:165,2
DA:166,1
DA:167,1
DA:168,1
DA:169,1
DA:173,1
DA:174,1
DA:175,1
DA:176,1
DA:177,1
DA:181,1
DA:182,1
DA:184,1
DA:185,1
DA:186,1
DA:187,1
DA:188,1
DA:190,1
DA:191,0
DA:194,1
DA:197,3
LF:80
LH:77
BRDA:27,0,0,1
BRDA:27,0,1,13
BRDA:41,1,0,0
BRDA:41,1,1,13
BRDA:41,2,0,13
BRDA:41,2,1,0
BRDA:44,3,0,0
BRDA:44,3,1,13
BRDA:54,4,0,10
BRDA:55,5,0,14
BRDA:55,5,1,10
BRDA:59,6,0,10
BRDA:59,6,1,4
BRDA:59,7,0,14
BRDA:59,7,1,14
BRDA:60,8,0,10
BRDA:60,8,1,5
BRDA:66,9,0,10
BRDA:66,9,1,0
BRDA:71,10,0,0
BRDA:71,10,1,14
BRDA:74,11,0,0
BRDA:74,11,1,0
BRDA:82,12,0,14
BRDA:82,12,1,14
BRDA:83,13,0,14
BRDA:83,13,1,14
BRDA:91,14,0,14
BRDA:91,14,1,2
BRDA:97,15,0,1
BRDA:97,15,1,13
BRDA:99,16,0,5
BRDA:99,16,1,6
BRDA:99,16,2,2
BRDA:99,16,3,1
BRDA:99,16,4,1
BRDA:111,17,0,1
BRDA:111,17,1,1
BRDA:152,18,0,5
BRDA:152,18,1,3
BRDA:157,19,0,6
BRDA:157,19,1,4
BRDA:162,20,0,2
BRDA:162,20,1,2
BRDA:165,21,0,1
BRDA:165,21,1,1
BRDA:165,22,0,2
BRDA:165,22,1,1
BRDA:167,23,0,0
BRDA:167,23,1,1
BRDA:168,24,0,1
BRDA:168,24,1,0
BRDA:174,25,0,1
BRDA:174,25,1,0
BRDA:175,26,0,1
BRDA:175,26,1,0
BRDA:181,27,0,1
BRDA:181,27,1,1
BRDA:190,28,0,0
BRDA:190,28,1,1
BRF:60
BRH:48
end_of_record
TN:
SF:server/agents/deadlineAgent.js
FN:11,daysUntil
FN:22,getUrgency
FN:32,generateCalendarLink
FN:51,getActiveDeadlines
FN:56,(anonymous_4)
FN:62,(anonymous_5)
FN:63,(anonymous_6)
FN:73,(anonymous_7)
FN:79,getProactiveAlerts
FN:81,(anonymous_9)
FN:87,handle
FN:93,(anonymous_11)
FN:100,(anonymous_12)
FN:109,(anonymous_13)
FN:118,(anonymous_14)
FN:127,(anonymous_15)
FN:129,(anonymous_16)
FN:160,(anonymous_17)
FN:182,(anonymous_18)
FN:183,(anonymous_19)
FN:184,(anonymous_20)
FNF:21
FNH:21
FNDA:155,daysUntil
FNDA:157,getUrgency
FNDA:150,generateCalendarLink
FNDA:25,getActiveDeadlines
FNDA:175,(anonymous_4)
FNDA:175,(anonymous_5)
FNDA:150,(anonymous_6)
FNDA:250,(anonymous_7)
FNDA:15,getProactiveAlerts
FNDA:90,(anonymous_9)
FNDA:8,handle
FNDA:8,(anonymous_11)
FNDA:1,(anonymous_12)
FNDA:6,(anonymous_13)
FNDA:6,(anonymous_14)
FNDA:24,(anonymous_15)
FNDA:12,(anonymous_16)
FNDA:48,(anonymous_17)
FNDA:7,(anonymous_18)
FNDA:2,(anonymous_19)
FNDA:2,(anonymous_20)
DA:6,4
DA:12,155
DA:13,155
DA:14,155
DA:15,155
DA:16,155
DA:23,157
DA:24,156
DA:25,129
DA:26,102
DA:33,150
DA:34,150
DA:35,150
DA:36,150
DA:38,150
DA:45,150
DA:52,25
DA:53,25
DA:55,25
DA:57,175
DA:58,175
DA:60,175
DA:62,175
DA:64,150
DA:65,150
DA:73,250
DA:80,15
DA:81,90
DA:88,8
DA:89,8
DA:90,8
DA:92,8
DA:93,8
DA:95,8
DA:96,8
DA:97,8
DA:99,8
DA:100,1
DA:101,1
DA:102,1
DA:103,1
DA:105,0
DA:107,1
DA:108,7
DA:109,6
DA:110,1
DA:111,1
DA:112,1
DA:114,0
DA:116,1
DA:117,6
DA:118,6
DA:119,1
DA:120,0
DA:121,0
DA:123,1
DA:125,1
DA:126,5
DA:127,24
DA:128,4
DA:129,4
DA:130,12
DA:132,4
DA:133,4
DA:135,0
DA:137,4
DA:140,1
DA:141,1
DA:142,1
DA:144,0
DA:146,1
DA:149,8
DA:160,48
DA:176,4
DA:182,7
DA:183,2
DA:184,2
LF:77
LH:71
BRDA:23,0,0,1
BRDA:23,0,1,156
BRDA:24,1,0,27
BRDA:24,1,1,129
BRDA:25,2,0,27
BRDA:25,2,1,102
BRDA:62,3,0,175
BRDA:62,3,1,75
BRDA:81,4,0,90
BRDA:81,4,1,90
BRDA:89,5,0,8
BRDA:89,5,1,0
BRDA:90,6,0,8
BRDA:90,6,1,6
BRDA:93,7,0,8
BRDA:93,7,1,0
BRDA:99,8,0,1
BRDA:99,8,1,7
BRDA:99,9,0,8
BRDA:99,9,1,7
BRDA:100,10,0,1
BRDA:100,10,1,1
BRDA:101,11,0,1
BRDA:101,11,1,0
BRDA:102,12,0,1
BRDA:102,12,1,0
BRDA:102,13,0,1
BRDA:102,13,1,0
BRDA:105,14,0,0
BRDA:105,14,1,0
BRDA:108,15,0,1
BRDA:108,15,1,6
BRDA:108,16,0,7
BRDA:108,16,1,6
BRDA:108,16,2,6
BRDA:109,17,0,6
BRDA:109,17,1,1
BRDA:110,18,0,1
BRDA:110,18,1,0
BRDA:111,19,0,1
BRDA:111,19,1,0
BRDA:114,20,0,0
BRDA:114,20,1,0
BRDA:117,21,0,1
BRDA:117,21,1,5
BRDA:117,22,0,6
BRDA:117,22,1,5
BRDA:118,23,0,6
BRDA:118,23,1,0
BRDA:119,24,0,0
BRDA:119,24,1,1
BRDA:120,25,0,0
BRDA:120,25,1,0
BRDA:126,26,0,4
BRDA:126,26,1,1
BRDA:126,27,0,5
BRDA:126,27,1,5
BRDA:126,27,2,4
BRDA:126,27,3,4
BRDA:128,28,0,4
BRDA:128,28,1,0
BRDA:130,29,0,12
BRDA:130,29,1,0
BRDA:132,30,0,4
BRDA:132,30,1,1
BRDA:140,31,0,1
BRDA:140,31,1,0
BRDA:140,32,0,1
BRDA:140,32,1,1
BRDA:141,33,0,1
BRDA:141,33,1,0
BRDA:141,34,0,1
BRDA:141,34,1,0
BRDA:151,35,0,8
BRDA:151,35,1,0
BRF:75
BRH:54
end_of_record
TN:
SF:server/agents/fallbackAgent.js
FN:23,pickSuggestions
FN:29,(anonymous_1)
FN:35,(anonymous_2)
FN:39,(anonymous_3)
FN:42,(anonymous_4)
FN:53,handle
FNF:6
FNH:6
FNDA:7,pickSuggestions
FNDA:3,(anonymous_1)
FNDA:35,(anonymous_2)
FNDA:14,(anonymous_3)
FNDA:56,(anonymous_4)
FNDA:7,handle
DA:6,3
DA:9,3
DA:24,7
DA:25,7
DA:28,7
DA:29,3
DA:33,7
DA:34,7
DA:35,35
DA:39,14
DA:42,56
DA:43,7
DA:44,4
DA:47,7
DA:54,7
DA:55,7
DA:57,7
DA:58,4
DA:59,4
DA:62,7
DA:63,7
DA:64,7
DA:67,7
DA:68,7
DA:69,7
DA:71,7
DA:72,7
DA:73,7
DA:74,7
DA:76,0
DA:79,7
DA:92,3
LF:32
LH:31
BRDA:23,0,0,7
BRDA:24,1,0,7
BRDA:24,1,1,0
BRDA:28,2,0,3
BRDA:28,2,1,4
BRDA:28,3,0,7
BRDA:28,3,1,3
BRDA:33,4,0,7
BRDA:33,4,1,4
BRDA:34,5,0,7
BRDA:34,5,1,0
BRDA:43,6,0,11
BRDA:43,6,1,4
BRDA:55,7,0,7
BRDA:55,7,1,4
BRDA:57,8,0,4
BRDA:57,8,1,3
BRDA:57,9,0,7
BRDA:57,9,1,7
BRDA:58,10,0,4
BRDA:58,10,1,2
BRDA:59,11,0,4
BRDA:59,11,1,4
BRDA:62,12,0,7
BRDA:62,12,1,4
BRDA:67,13,0,7
BRDA:67,13,1,4
BRDA:71,14,0,7
BRDA:71,14,1,0
BRDA:71,15,0,7
BRDA:71,15,1,7
BRDA:74,16,0,7
BRDA:74,16,1,4
BRDA:74,17,0,7
BRDA:74,17,1,0
BRDA:76,18,0,0
BRDA:76,18,1,0
BRDA:84,19,0,7
BRDA:84,19,1,0
BRDA:87,20,0,7
BRDA:87,20,1,0
BRF:41
BRH:33
end_of_record
TN:
SF:server/agents/grievanceAgent.js
FN:14,generateTicketId
FN:24,categorizeComplaint
FN:54,detectFrustration
FN:78,getEscalationPath
FN:130,handle
FN:199,getTickets
FN:200,(anonymous_6)
FNF:7
FNH:5
FNDA:103,generateTicketId
FNDA:5,categorizeComplaint
FNDA:2,detectFrustration
FNDA:2,getEscalationPath
FNDA:2,handle
FNDA:0,getTickets
FNDA:0,(anonymous_6)
DA:6,3
DA:9,3
DA:15,103
DA:16,103
DA:17,103
DA:18,103
DA:25,5
DA:27,5
DA:30,1
DA:32,4
DA:34,0
DA:36,4
DA:37,1
DA:39,3
DA:41,2
DA:43,1
DA:45,0
DA:48,1
DA:55,2
DA:56,2
DA:60,2
DA:61,2
DA:62,32
DA:66,2
DA:67,2
DA:69,2
DA:70,2
DA:72,2
DA:79,2
DA:124,2
DA:131,2
DA:132,2
DA:133,2
DA:135,2
DA:136,1
DA:137,1
DA:138,1
DA:141,2
DA:142,2
DA:143,2
DA:144,2
DA:147,2
DA:148,2
DA:149,2
DA:152,2
DA:163,2
DA:166,2
DA:168,2
DA:169,1
DA:170,1
DA:171,0
DA:172,1
DA:173,0
DA:174,1
DA:175,1
DA:176,0
DA:177,0
DA:179,0
DA:182,2
DA:200,0
DA:203,3
LF:61
LH:53
BRDA:27,0,0,1
BRDA:27,0,1,4
BRDA:27,1,0,5
BRDA:27,1,1,4
BRDA:27,1,2,4
BRDA:27,1,3,4
BRDA:27,1,4,4
BRDA:27,1,5,4
BRDA:27,1,6,4
BRDA:27,1,7,4
BRDA:32,2,0,0
BRDA:32,2,1,4
BRDA:32,3,0,4
BRDA:32,3,1,4
BRDA:32,3,2,4
BRDA:32,3,3,4
BRDA:32,3,4,4
BRDA:32,3,5,4
BRDA:36,4,0,1
BRDA:36,4,1,3
BRDA:36,5,0,4
BRDA:36,5,1,3
BRDA:36,5,2,3
BRDA:39,6,0,2
BRDA:39,6,1,1
BRDA:39,7,0,3
BRDA:39,7,1,1
BRDA:39,7,2,1
BRDA:39,7,3,1
BRDA:39,7,4,1
BRDA:43,8,0,0
BRDA:43,8,1,1
BRDA:43,9,0,1
BRDA:43,9,1,1
BRDA:43,9,2,1
BRDA:43,9,3,1
BRDA:43,9,4,1
BRDA:62,10,0,0
BRDA:62,10,1,32
BRDA:66,11,0,2
BRDA:66,11,1,2
BRDA:67,12,0,2
BRDA:67,12,1,2
BRDA:69,13,0,0
BRDA:69,13,1,2
BRDA:70,14,0,0
BRDA:70,14,1,2
BRDA:70,15,0,2
BRDA:70,15,1,0
BRDA:72,16,0,0
BRDA:72,16,1,2
BRDA:72,17,0,0
BRDA:72,17,1,2
BRDA:124,18,0,2
BRDA:124,18,1,0
BRDA:131,19,0,2
BRDA:131,19,1,1
BRDA:135,20,0,1
BRDA:135,20,1,1
BRDA:135,21,0,2
BRDA:135,21,1,2
BRDA:136,22,0,1
BRDA:136,22,1,0
BRDA:138,23,0,1
BRDA:138,23,1,1
BRDA:141,24,0,2
BRDA:141,24,1,1
BRDA:148,25,0,1
BRDA:148,25,1,1
BRDA:148,26,0,2
BRDA:148,26,1,1
BRDA:149,27,0,0
BRDA:149,27,1,2
BRDA:154,28,0,2
BRDA:154,28,1,1
BRDA:168,29,0,1
BRDA:168,29,1,1
BRDA:169,30,0,1
BRDA:169,30,1,1
BRDA:170,31,0,0
BRDA:170,31,1,1
BRDA:171,32,0,0
BRDA:171,32,1,0
BRDA:172,33,0,0
BRDA:172,33,1,1
BRDA:173,34,0,0
BRDA:173,34,1,0
BRDA:174,35,0,1
BRDA:174,35,1,0
BRDA:175,36,0,1
BRDA:175,36,1,0
BRDA:176,37,0,0
BRDA:176,37,1,0
BRDA:177,38,0,0
BRDA:177,38,1,0
BRDA:179,39,0,0
BRDA:179,39,1,0
BRF:97
BRH:72
end_of_record
TN:
SF:server/agents/languageAgent.js
FN:86,translateOffline
FN:109,translateCloud
FN:146,getSpeechConfig
FN:164,getTTSConfig
FN:187,handle
FN:248,translateBack
FN:262,detectLanguage
FN:271,translateToEnglish
FNF:8
FNH:6
FNDA:1,translateOffline
FNDA:0,translateCloud
FNDA:1,getSpeechConfig
FNDA:1,getTTSConfig
FNDA:1,handle
FNDA:0,translateBack
FNDA:3,detectLanguage
FNDA:1,translateToEnglish
DA:7,3
DA:10,3
DA:13,3
DA:16,3
DA:70,3
DA:87,1
DA:88,1
DA:91,1
DA:92,1
DA:93,1
DA:97,0
DA:98,0
DA:99,0
DA:103,0
DA:110,0
DA:111,0
DA:114,0
DA:115,0
DA:116,0
DA:127,0
DA:128,0
DA:129,0
DA:137,0
DA:140,0
DA:147,1
DA:153,1
DA:165,1
DA:170,1
DA:188,1
DA:189,1
DA:192,1
DA:193,0
DA:209,1
DA:212,1
DA:213,0
DA:214,0
DA:215,0
DA:220,1
DA:221,0
DA:228,1
DA:249,0
DA:252,0
DA:253,0
DA:256,0
DA:263,3
DA:264,2
DA:265,1
DA:272,1
DA:273,1
DA:276,3
LF:50
LH:27
BRDA:88,0,0,0
BRDA:88,0,1,1
BRDA:92,1,0,1
BRDA:92,1,1,0
BRDA:98,2,0,0
BRDA:98,2,1,0
BRDA:110,3,0,0
BRDA:110,3,1,0
BRDA:128,4,0,0
BRDA:128,4,1,0
BRDA:128,5,0,0
BRDA:128,5,1,0
BRDA:128,5,2,0
BRDA:154,6,0,1
BRDA:154,6,1,0
BRDA:155,7,0,1
BRDA:155,7,1,0
BRDA:171,8,0,1
BRDA:171,8,1,0
BRDA:172,9,0,1
BRDA:172,9,1,0
BRDA:192,10,0,0
BRDA:192,10,1,1
BRDA:212,11,0,0
BRDA:212,11,1,1
BRDA:212,12,0,1
BRDA:212,12,1,1
BRDA:214,13,0,0
BRDA:214,13,1,0
BRDA:220,14,0,0
BRDA:220,14,1,1
BRDA:235,15,0,1
BRDA:235,15,1,1
BRDA:241,16,0,1
BRDA:241,16,1,0
BRDA:249,17,0,0
BRDA:249,17,1,0
BRDA:253,18,0,0
BRDA:253,18,1,0
BRDA:263,19,0,1
BRDA:263,19,1,2
BRDA:264,20,0,1
BRDA:264,20,1,1
BRDA:264,21,0,2
BRDA:264,21,1,1
BRF:45
BRH:20
end_of_record
TN:
SF:server/agents/orchestrator.js
FN:22,getHistory
FN:32,addToHistory
FN:46,buildUIPayload
FN:80,buildAlertCard
FN:100,getAlertTitle
FN:129,handleMessage
FN:228,getDashboardData
FN:236,(anonymous_7)
FNF:8
FNH:8
FNDA:13,getHistory
FNDA:26,addToHistory
FNDA:13,buildUIPayload
FNDA:13,buildAlertCard
FNDA:6,getAlertTitle
FNDA:13,handleMessage
FNDA:1,getDashboardData
FNDA:1,(anonymous_7)
DA:7,2
DA:8,2
DA:9,2
DA:10,2
DA:11,2
DA:12,2
DA:13,2
DA:14,2
DA:17,2
DA:23,13
DA:24,0
DA:26,13
DA:33,26
DA:34,2
DA:36,26
DA:38,26
DA:39,6
DA:47,13
DA:53,13
DA:54,2
DA:55,2
DA:56,2
DA:57,2
DA:60,13
DA:61,0
DA:64,13
DA:65,0
DA:66,0
DA:69,13
DA:70,2
DA:71,2
DA:74,13
DA:81,13
DA:82,7
DA:85,6
DA:87,6
DA:101,6
DA:103,0
DA:104,0
DA:105,0
DA:107,0
DA:108,0
DA:109,0
DA:111,0
DA:112,0
DA:113,0
DA:115,2
DA:116,0
DA:118,1
DA:120,3
DA:130,13
DA:131,13
DA:134,13
DA:135,13
DA:136,13
DA:137,13
DA:140,13
DA:141,0
DA:142,0
DA:143,0
DA:148,13
DA:151,13
DA:165,13
DA:167,2
DA:168,2
DA:170,4
DA:171,4
DA:172,4
DA:175,1
DA:176,1
DA:178,2
DA:179,2
DA:181,1
DA:182,1
DA:185,3
DA:186,3
DA:190,13
DA:191,13
DA:192,0
DA:193,0
DA:197,13
DA:198,13
DA:201,13
DA:222,13
DA:229,1
DA:230,1
DA:231,1
DA:232,1
DA:235,1
DA:236,1
DA:238,1
DA:262,2
LF:92
LH:73
BRDA:23,0,0,0
BRDA:23,0,1,13
BRDA:33,1,0,2
BRDA:33,1,1,24
BRDA:38,2,0,6
BRDA:38,2,1,20
BRDA:48,3,0,13
BRDA:48,3,1,0
BRDA:49,4,0,13
BRDA:49,4,1,0
BRDA:53,5,0,2
BRDA:53,5,1,11
BRDA:53,6,0,13
BRDA:53,6,1,2
BRDA:60,7,0,0
BRDA:60,7,1,13
BRDA:61,8,0,0
BRDA:61,8,1,0
BRDA:61,8,2,0
BRDA:64,9,0,0
BRDA:64,9,1,13
BRDA:69,10,0,2
BRDA:69,10,1,11
BRDA:81,11,0,7
BRDA:81,11,1,6
BRDA:81,12,0,13
BRDA:81,12,1,7
BRDA:89,13,0,6
BRDA:89,13,1,0
BRDA:101,14,0,0
BRDA:101,14,1,0
BRDA:101,14,2,0
BRDA:101,14,3,2
BRDA:101,14,4,1
BRDA:101,14,5,3
BRDA:103,15,0,0
BRDA:103,15,1,0
BRDA:103,16,0,0
BRDA:103,16,1,0
BRDA:104,17,0,0
BRDA:104,17,1,0
BRDA:104,18,0,0
BRDA:104,18,1,0
BRDA:107,19,0,0
BRDA:107,19,1,0
BRDA:108,20,0,0
BRDA:108,20,1,0
BRDA:111,21,0,0
BRDA:111,21,1,0
BRDA:112,22,0,0
BRDA:112,22,1,0
BRDA:115,23,0,2
BRDA:115,23,1,0
BRDA:130,24,0,8
BRDA:131,25,0,13
BRDA:131,25,1,8
BRDA:131,25,2,0
BRDA:140,26,0,0
BRDA:140,26,1,13
BRDA:140,27,0,13
BRDA:140,27,1,0
BRDA:142,28,0,0
BRDA:142,28,1,0
BRDA:142,29,0,0
BRDA:142,29,1,0
BRDA:153,30,0,8
BRDA:153,30,1,5
BRDA:154,31,0,13
BRDA:154,31,1,5
BRDA:155,32,0,13
BRDA:155,32,1,5
BRDA:156,33,0,13
BRDA:156,33,1,13
BRDA:157,34,0,13
BRDA:157,34,1,5
BRDA:158,35,0,13
BRDA:158,35,1,5
BRDA:165,36,0,2
BRDA:165,36,1,4
BRDA:165,36,2,1
BRDA:165,36,3,2
BRDA:165,36,4,1
BRDA:165,36,5,3
BRDA:165,36,6,3
BRDA:191,37,0,0
BRDA:191,37,1,13
BRDA:191,38,0,13
BRDA:191,38,1,0
BRDA:204,39,0,13
BRDA:204,39,1,0
BRDA:206,40,0,13
BRDA:206,40,1,0
BRDA:207,41,0,13
BRDA:207,41,1,0
BRDA:209,42,0,0
BRDA:209,42,1,13
BRDA:229,43,0,1
BRDA:229,43,1,0
BRDA:232,44,0,1
BRDA:232,44,1,1
BRDA:236,45,0,1
BRDA:236,45,1,0
BRF:102
BRH:58
end_of_record
TN:
SF:server/agents/profileAgent.js
FN:22,calculateCompleteness
FN:41,getMissingFields
FN:64,maskEPIC
FN:76,detectAddressMismatch
FN:91,handle
FN:102,(anonymous_5)
FN:122,(anonymous_6)
FNF:7
FNH:7
FNDA:12,calculateCompleteness
FNDA:9,getMissingFields
FNDA:3,maskEPIC
FNDA:11,detectAddressMismatch
FNDA:9,handle
FNDA:12,(anonymous_5)
FNDA:65,(anonymous_6)
DA:6,3
DA:9,3
DA:23,12
DA:24,12
DA:25,84
DA:26,69
DA:27,15
DA:28,2
DA:29,13
DA:30,2
DA:31,11
DA:32,1
DA:35,12
DA:42,9
DA:43,9
DA:53,9
DA:54,63
DA:55,0
DA:58,9
DA:65,3
DA:66,2
DA:67,1
DA:68,1
DA:69,1
DA:70,1
DA:77,11
DA:78,11
DA:79,11
DA:92,9
DA:93,9
DA:95,9
DA:96,1
DA:97,1
DA:100,9
DA:102,12
DA:103,9
DA:105,9
DA:106,9
DA:107,9
DA:108,9
DA:111,9
DA:112,9
DA:113,9
DA:114,9
DA:117,9
DA:120,9
DA:122,65
DA:124,9
DA:125,2
DA:126,2
DA:156,7
DA:157,1
DA:158,6
DA:159,1
DA:160,1
DA:162,0
DA:164,5
DA:165,1
DA:166,0
DA:168,1
DA:170,4
DA:171,1
DA:172,3
DA:173,1
DA:174,1
DA:176,0
DA:180,2
DA:181,2
DA:182,0
DA:186,7
DA:205,3
LF:71
LH:66
BRDA:25,0,0,69
BRDA:25,0,1,15
BRDA:27,1,0,2
BRDA:27,1,1,13
BRDA:27,2,0,15
BRDA:27,2,1,3
BRDA:29,3,0,2
BRDA:29,3,1,11
BRDA:29,4,0,13
BRDA:29,4,1,3
BRDA:31,5,0,1
BRDA:31,5,1,10
BRDA:31,6,0,11
BRDA:31,6,1,3
BRDA:54,7,0,0
BRDA:54,7,1,63
BRDA:55,8,0,0
BRDA:55,8,1,0
BRDA:65,9,0,1
BRDA:65,9,1,2
BRDA:66,10,0,1
BRDA:66,10,1,1
BRDA:68,11,0,0
BRDA:68,11,1,1
BRDA:77,12,0,0
BRDA:77,12,1,11
BRDA:77,13,0,11
BRDA:77,13,1,11
BRDA:81,14,0,1
BRDA:81,14,1,10
BRDA:93,15,0,9
BRDA:93,15,1,6
BRDA:95,16,0,1
BRDA:95,16,1,8
BRDA:95,17,0,9
BRDA:95,17,1,9
BRDA:96,18,0,1
BRDA:96,18,1,0
BRDA:97,19,0,1
BRDA:97,19,1,0
BRDA:97,19,2,0
BRDA:100,20,0,9
BRDA:100,20,1,7
BRDA:102,21,0,9
BRDA:102,21,1,1
BRDA:112,22,0,0
BRDA:112,22,1,9
BRDA:113,23,0,0
BRDA:113,23,1,9
BRDA:114,24,0,0
BRDA:114,24,1,9
BRDA:124,25,0,2
BRDA:124,25,1,7
BRDA:139,26,0,2
BRDA:139,26,1,0
BRDA:140,27,0,2
BRDA:140,27,1,0
BRDA:142,28,0,2
BRDA:142,28,1,0
BRDA:145,29,0,2
BRDA:145,29,1,0
BRDA:146,30,0,2
BRDA:146,30,1,2
BRDA:156,31,0,1
BRDA:156,31,1,6
BRDA:156,32,0,7
BRDA:156,32,1,6
BRDA:158,33,0,1
BRDA:158,33,1,5
BRDA:158,34,0,6
BRDA:158,34,1,6
BRDA:158,34,2,5
BRDA:159,35,0,1
BRDA:159,35,1,0
BRDA:164,36,0,1
BRDA:164,36,1,4
BRDA:164,37,0,5
BRDA:164,37,1,4
BRDA:165,38,0,0
BRDA:165,38,1,1
BRDA:170,39,0,1
BRDA:170,39,1,3
BRDA:171,40,0,0
BRDA:171,40,1,1
BRDA:172,41,0,1
BRDA:172,41,1,2
BRDA:172,42,0,3
BRDA:172,42,1,2
BRDA:173,43,0,1
BRDA:173,43,1,0
BRDA:181,44,0,0
BRDA:181,44,1,2
BRDA:199,45,0,0
BRDA:199,45,1,7
BRDA:200,46,0,0
BRDA:200,46,1,7
BRDA:200,47,0,0
BRDA:200,47,1,7
BRF:98
BRH:75
end_of_record
TN:
SF:server/utils/intentClassifier.js
FN:72,classifyIntent
FN:98,(anonymous_1)
FN:113,detectLanguage
FN:135,classifyBoothSubIntent
FN:146,(anonymous_4)
FN:147,(anonymous_5)
FN:148,(anonymous_6)
FNF:7
FNH:7
FNDA:19,classifyIntent
FNDA:95,(anonymous_1)
FNDA:13,detectLanguage
FNDA:19,classifyBoothSubIntent
FNDA:195,(anonymous_4)
FNDA:180,(anonymous_5)
FNDA:135,(anonymous_6)
DA:7,3
DA:52,3
DA:73,19
DA:74,19
DA:76,19
DA:77,95
DA:78,95
DA:79,2375
DA:80,38
DA:83,95
DA:87,19
DA:88,19
DA:90,19
DA:91,95
DA:92,18
DA:93,18
DA:98,95
DA:99,19
DA:101,19
DA:114,13
DA:121,13
DA:122,156
DA:123,0
DA:127,13
DA:136,19
DA:137,15
DA:139,15
DA:141,15
DA:143,15
DA:146,195
DA:147,180
DA:148,135
DA:150,15
DA:151,14
DA:152,9
DA:153,5
DA:156,3
LF:37
LH:36
BRDA:79,0,0,38
BRDA:79,0,1,2337
BRDA:91,1,0,18
BRDA:91,1,1,77
BRDA:99,2,0,15
BRDA:99,2,1,4
BRDA:122,3,0,0
BRDA:122,3,1,156
BRDA:123,4,0,0
BRDA:123,4,1,0
BRDA:136,5,0,4
BRDA:136,5,1,15
BRDA:136,6,0,19
BRDA:136,6,1,15
BRDA:150,7,0,1
BRDA:150,7,1,14
BRDA:151,8,0,5
BRDA:151,8,1,9
BRDA:151,9,0,14
BRDA:151,9,1,7
BRDA:152,10,0,4
BRDA:152,10,1,5
BRDA:152,11,0,9
BRDA:152,11,1,6
BRF:24
BRH:21
end_of_record
